2018-11-17 03:07:26,084 | Train Epoch: 0 [0/60000 (0%)]	Loss: 546.751587
2018-11-17 03:07:27,406 | Train Epoch: 0 [2560/60000 (4%)]	Loss: 513.032227
2018-11-17 03:07:28,725 | Train Epoch: 0 [5120/60000 (9%)]	Loss: 471.590515
2018-11-17 03:07:30,220 | Train Epoch: 0 [7680/60000 (13%)]	Loss: 431.012207
2018-11-17 03:07:31,677 | Train Epoch: 0 [10240/60000 (17%)]	Loss: 398.936859
2018-11-17 03:07:33,104 | Train Epoch: 0 [12800/60000 (21%)]	Loss: 388.284302
2018-11-17 03:07:34,446 | Train Epoch: 0 [15360/60000 (26%)]	Loss: 365.865326
2018-11-17 03:07:35,725 | Train Epoch: 0 [17920/60000 (30%)]	Loss: 355.431854
2018-11-17 03:07:37,049 | Train Epoch: 0 [20480/60000 (34%)]	Loss: 350.000000
2018-11-17 03:07:38,441 | Train Epoch: 0 [23040/60000 (38%)]	Loss: 346.351471
2018-11-17 03:07:39,838 | Train Epoch: 0 [25600/60000 (43%)]	Loss: 331.928619
2018-11-17 03:07:41,254 | Train Epoch: 0 [28160/60000 (47%)]	Loss: 337.911896
2018-11-17 03:07:42,529 | Train Epoch: 0 [30720/60000 (51%)]	Loss: 332.356873
2018-11-17 03:07:43,856 | Train Epoch: 0 [33280/60000 (55%)]	Loss: 319.539276
2018-11-17 03:07:45,186 | Train Epoch: 0 [35840/60000 (60%)]	Loss: 324.341278
2018-11-17 03:07:46,537 | Train Epoch: 0 [38400/60000 (64%)]	Loss: 321.197052
2018-11-17 03:07:47,870 | Train Epoch: 0 [40960/60000 (68%)]	Loss: 321.415222
2018-11-17 03:07:49,258 | Train Epoch: 0 [43520/60000 (72%)]	Loss: 313.399231
2018-11-17 03:07:50,831 | Train Epoch: 0 [46080/60000 (77%)]	Loss: 308.114502
2018-11-17 03:07:52,261 | Train Epoch: 0 [48640/60000 (81%)]	Loss: 309.655914
2018-11-17 03:07:53,706 | Train Epoch: 0 [51200/60000 (85%)]	Loss: 311.856445
2018-11-17 03:07:55,250 | Train Epoch: 0 [53760/60000 (89%)]	Loss: 310.983459
2018-11-17 03:07:57,051 | Train Epoch: 0 [56320/60000 (94%)]	Loss: 303.447357
2018-11-17 03:07:58,864 | Train Epoch: 0 [58880/60000 (98%)]	Loss: 298.812103
2018-11-17 03:07:59,530 | ====> Epoch: 0 Average loss: 354.4460
2018-11-17 03:08:00,148 | Test Epoch: 0 [0/10000 (0%)]	Loss: 301.652496
2018-11-17 03:08:00,903 | Test Epoch: 0 [2560/10000 (25%)]	Loss: 295.600250
2018-11-17 03:08:01,489 | Test Epoch: 0 [5120/10000 (50%)]	Loss: 291.855560
2018-11-17 03:08:02,066 | Test Epoch: 0 [7680/10000 (75%)]	Loss: 296.354767
2018-11-17 03:08:02,519 | ====> Test set loss: 296.3287
2018-11-17 03:08:03,649 | Train Epoch: 1 [0/60000 (0%)]	Loss: 294.941803
2018-11-17 03:08:05,257 | Train Epoch: 1 [2560/60000 (4%)]	Loss: 298.516296
2018-11-17 03:08:06,886 | Train Epoch: 1 [5120/60000 (9%)]	Loss: 295.664856
2018-11-17 03:08:08,406 | Train Epoch: 1 [7680/60000 (13%)]	Loss: 297.655151
2018-11-17 03:08:09,849 | Train Epoch: 1 [10240/60000 (17%)]	Loss: 310.329407
2018-11-17 03:08:11,298 | Train Epoch: 1 [12800/60000 (21%)]	Loss: 284.252686
2018-11-17 03:08:12,782 | Train Epoch: 1 [15360/60000 (26%)]	Loss: 298.807526
2018-11-17 03:08:14,385 | Train Epoch: 1 [17920/60000 (30%)]	Loss: 287.842010
2018-11-17 03:08:15,917 | Train Epoch: 1 [20480/60000 (34%)]	Loss: 291.287994
2018-11-17 03:08:17,388 | Train Epoch: 1 [23040/60000 (38%)]	Loss: 289.696625
2018-11-17 03:08:18,871 | Train Epoch: 1 [25600/60000 (43%)]	Loss: 288.041443
2018-11-17 03:08:20,377 | Train Epoch: 1 [28160/60000 (47%)]	Loss: 291.434631
2018-11-17 03:08:21,831 | Train Epoch: 1 [30720/60000 (51%)]	Loss: 284.445038
2018-11-17 03:08:23,452 | Train Epoch: 1 [33280/60000 (55%)]	Loss: 289.187134
2018-11-17 03:08:24,975 | Train Epoch: 1 [35840/60000 (60%)]	Loss: 280.401093
2018-11-17 03:08:26,462 | Train Epoch: 1 [38400/60000 (64%)]	Loss: 275.484589
2018-11-17 03:08:27,952 | Train Epoch: 1 [40960/60000 (68%)]	Loss: 290.032959
2018-11-17 03:08:29,445 | Train Epoch: 1 [43520/60000 (72%)]	Loss: 284.058289
2018-11-17 03:08:30,924 | Train Epoch: 1 [46080/60000 (77%)]	Loss: 286.469788
2018-11-17 03:08:32,569 | Train Epoch: 1 [48640/60000 (81%)]	Loss: 273.658234
2018-11-17 03:08:34,064 | Train Epoch: 1 [51200/60000 (85%)]	Loss: 282.947449
2018-11-17 03:08:35,581 | Train Epoch: 1 [53760/60000 (89%)]	Loss: 284.593658
2018-11-17 03:08:37,047 | Train Epoch: 1 [56320/60000 (94%)]	Loss: 279.686646
2018-11-17 03:08:38,555 | Train Epoch: 1 [58880/60000 (98%)]	Loss: 279.015472
2018-11-17 03:08:39,107 | ====> Epoch: 1 Average loss: 288.1296
2018-11-17 03:08:39,514 | Test Epoch: 1 [0/10000 (0%)]	Loss: 277.615234
2018-11-17 03:08:40,193 | Test Epoch: 1 [2560/10000 (25%)]	Loss: 280.801208
2018-11-17 03:08:40,826 | Test Epoch: 1 [5120/10000 (50%)]	Loss: 271.383911
2018-11-17 03:08:41,393 | Test Epoch: 1 [7680/10000 (75%)]	Loss: 276.248566
2018-11-17 03:08:41,845 | ====> Test set loss: 278.4680
2018-11-17 03:08:43,079 | Train Epoch: 2 [0/60000 (0%)]	Loss: 284.735229
2018-11-17 03:08:44,570 | Train Epoch: 2 [2560/60000 (4%)]	Loss: 282.248901
2018-11-17 03:08:46,067 | Train Epoch: 2 [5120/60000 (9%)]	Loss: 283.122375
2018-11-17 03:08:47,739 | Train Epoch: 2 [7680/60000 (13%)]	Loss: 275.522827
2018-11-17 03:08:49,381 | Train Epoch: 2 [10240/60000 (17%)]	Loss: 285.764130
2018-11-17 03:08:50,940 | Train Epoch: 2 [12800/60000 (21%)]	Loss: 274.293427
2018-11-17 03:08:52,567 | Train Epoch: 2 [15360/60000 (26%)]	Loss: 283.015533
2018-11-17 03:08:54,069 | Train Epoch: 2 [17920/60000 (30%)]	Loss: 286.189819
2018-11-17 03:08:55,579 | Train Epoch: 2 [20480/60000 (34%)]	Loss: 280.612427
2018-11-17 03:08:57,245 | Train Epoch: 2 [23040/60000 (38%)]	Loss: 274.920502
2018-11-17 03:08:58,735 | Train Epoch: 2 [25600/60000 (43%)]	Loss: 271.363037
2018-11-17 03:09:00,225 | Train Epoch: 2 [28160/60000 (47%)]	Loss: 276.719574
2018-11-17 03:09:01,730 | Train Epoch: 2 [30720/60000 (51%)]	Loss: 277.222107
2018-11-17 03:09:03,307 | Train Epoch: 2 [33280/60000 (55%)]	Loss: 282.030792
2018-11-17 03:09:04,908 | Train Epoch: 2 [35840/60000 (60%)]	Loss: 278.825134
2018-11-17 03:09:06,505 | Train Epoch: 2 [38400/60000 (64%)]	Loss: 273.227478
2018-11-17 03:09:08,003 | Train Epoch: 2 [40960/60000 (68%)]	Loss: 275.835144
2018-11-17 03:09:09,503 | Train Epoch: 2 [43520/60000 (72%)]	Loss: 275.509521
2018-11-17 03:09:11,040 | Train Epoch: 2 [46080/60000 (77%)]	Loss: 276.869019
2018-11-17 03:09:12,544 | Train Epoch: 2 [48640/60000 (81%)]	Loss: 279.179413
2018-11-17 03:09:14,197 | Train Epoch: 2 [51200/60000 (85%)]	Loss: 267.855988
2018-11-17 03:09:15,692 | Train Epoch: 2 [53760/60000 (89%)]	Loss: 270.791168
2018-11-17 03:09:17,171 | Train Epoch: 2 [56320/60000 (94%)]	Loss: 271.868713
2018-11-17 03:09:18,631 | Train Epoch: 2 [58880/60000 (98%)]	Loss: 275.600616
2018-11-17 03:09:19,155 | ====> Epoch: 2 Average loss: 277.1728
2018-11-17 03:09:19,565 | Test Epoch: 2 [0/10000 (0%)]	Loss: 266.463959
2018-11-17 03:09:20,212 | Test Epoch: 2 [2560/10000 (25%)]	Loss: 272.724701
2018-11-17 03:09:20,895 | Test Epoch: 2 [5120/10000 (50%)]	Loss: 273.262390
2018-11-17 03:09:21,601 | Test Epoch: 2 [7680/10000 (75%)]	Loss: 276.576355
2018-11-17 03:09:22,199 | ====> Test set loss: 270.0163
2018-11-17 03:09:23,495 | Train Epoch: 3 [0/60000 (0%)]	Loss: 271.508820
2018-11-17 03:09:25,184 | Train Epoch: 3 [2560/60000 (4%)]	Loss: 270.120972
2018-11-17 03:09:26,795 | Train Epoch: 3 [5120/60000 (9%)]	Loss: 268.157349
2018-11-17 03:09:28,433 | Train Epoch: 3 [7680/60000 (13%)]	Loss: 268.461182
2018-11-17 03:09:30,251 | Train Epoch: 3 [10240/60000 (17%)]	Loss: 274.732819
2018-11-17 03:09:31,891 | Train Epoch: 3 [12800/60000 (21%)]	Loss: 271.784180
2018-11-17 03:09:33,399 | Train Epoch: 3 [15360/60000 (26%)]	Loss: 272.046722
2018-11-17 03:09:34,930 | Train Epoch: 3 [17920/60000 (30%)]	Loss: 274.595215
2018-11-17 03:09:36,457 | Train Epoch: 3 [20480/60000 (34%)]	Loss: 276.547699
2018-11-17 03:09:38,020 | Train Epoch: 3 [23040/60000 (38%)]	Loss: 273.127350
2018-11-17 03:09:39,595 | Train Epoch: 3 [25600/60000 (43%)]	Loss: 279.259277
2018-11-17 03:09:41,092 | Train Epoch: 3 [28160/60000 (47%)]	Loss: 265.441376
2018-11-17 03:09:42,582 | Train Epoch: 3 [30720/60000 (51%)]	Loss: 263.216156
2018-11-17 03:09:44,137 | Train Epoch: 3 [33280/60000 (55%)]	Loss: 279.265442
2018-11-17 03:09:45,715 | Train Epoch: 3 [35840/60000 (60%)]	Loss: 273.049530
2018-11-17 03:09:47,404 | Train Epoch: 3 [38400/60000 (64%)]	Loss: 274.984924
2018-11-17 03:09:48,937 | Train Epoch: 3 [40960/60000 (68%)]	Loss: 281.148590
2018-11-17 03:09:50,440 | Train Epoch: 3 [43520/60000 (72%)]	Loss: 264.236725
2018-11-17 03:09:51,906 | Train Epoch: 3 [46080/60000 (77%)]	Loss: 270.454132
2018-11-17 03:09:53,383 | Train Epoch: 3 [48640/60000 (81%)]	Loss: 273.448669
2018-11-17 03:09:54,943 | Train Epoch: 3 [51200/60000 (85%)]	Loss: 268.796997
2018-11-17 03:09:56,577 | Train Epoch: 3 [53760/60000 (89%)]	Loss: 266.926178
2018-11-17 03:09:58,042 | Train Epoch: 3 [56320/60000 (94%)]	Loss: 266.562805
2018-11-17 03:09:59,509 | Train Epoch: 3 [58880/60000 (98%)]	Loss: 277.470886
2018-11-17 03:10:00,042 | ====> Epoch: 3 Average loss: 271.8992
2018-11-17 03:10:00,505 | Test Epoch: 3 [0/10000 (0%)]	Loss: 268.182373
2018-11-17 03:10:01,184 | Test Epoch: 3 [2560/10000 (25%)]	Loss: 259.801697
2018-11-17 03:10:01,830 | Test Epoch: 3 [5120/10000 (50%)]	Loss: 268.453705
2018-11-17 03:10:02,508 | Test Epoch: 3 [7680/10000 (75%)]	Loss: 265.924866
2018-11-17 03:10:03,039 | ====> Test set loss: 263.9638
2018-11-17 03:10:04,508 | Train Epoch: 4 [0/60000 (0%)]	Loss: 262.814606
2018-11-17 03:10:06,331 | Train Epoch: 4 [2560/60000 (4%)]	Loss: 262.713196
2018-11-17 03:10:08,006 | Train Epoch: 4 [5120/60000 (9%)]	Loss: 270.039703
2018-11-17 03:10:09,639 | Train Epoch: 4 [7680/60000 (13%)]	Loss: 271.551056
2018-11-17 03:10:11,427 | Train Epoch: 4 [10240/60000 (17%)]	Loss: 278.231750
2018-11-17 03:10:13,110 | Train Epoch: 4 [12800/60000 (21%)]	Loss: 266.515228
2018-11-17 03:10:14,685 | Train Epoch: 4 [15360/60000 (26%)]	Loss: 269.913727
2018-11-17 03:10:16,310 | Train Epoch: 4 [17920/60000 (30%)]	Loss: 261.309418
2018-11-17 03:10:17,870 | Train Epoch: 4 [20480/60000 (34%)]	Loss: 264.809631
2018-11-17 03:10:19,485 | Train Epoch: 4 [23040/60000 (38%)]	Loss: 271.841553
2018-11-17 03:10:21,095 | Train Epoch: 4 [25600/60000 (43%)]	Loss: 267.700745
2018-11-17 03:10:22,629 | Train Epoch: 4 [28160/60000 (47%)]	Loss: 271.878815
2018-11-17 03:10:24,190 | Train Epoch: 4 [30720/60000 (51%)]	Loss: 268.744080
2018-11-17 03:10:25,755 | Train Epoch: 4 [33280/60000 (55%)]	Loss: 270.902313
2018-11-17 03:10:27,291 | Train Epoch: 4 [35840/60000 (60%)]	Loss: 272.308441
2018-11-17 03:10:28,929 | Train Epoch: 4 [38400/60000 (64%)]	Loss: 267.669250
2018-11-17 03:10:30,422 | Train Epoch: 4 [40960/60000 (68%)]	Loss: 273.303345
2018-11-17 03:10:31,952 | Train Epoch: 4 [43520/60000 (72%)]	Loss: 268.153351
2018-11-17 03:10:33,466 | Train Epoch: 4 [46080/60000 (77%)]	Loss: 268.110046
2018-11-17 03:10:34,994 | Train Epoch: 4 [48640/60000 (81%)]	Loss: 274.766876
2018-11-17 03:10:36,610 | Train Epoch: 4 [51200/60000 (85%)]	Loss: 269.087219
2018-11-17 03:10:38,195 | Train Epoch: 4 [53760/60000 (89%)]	Loss: 270.335327
2018-11-17 03:10:39,748 | Train Epoch: 4 [56320/60000 (94%)]	Loss: 267.027252
2018-11-17 03:10:41,290 | Train Epoch: 4 [58880/60000 (98%)]	Loss: 265.392120
2018-11-17 03:10:41,909 | ====> Epoch: 4 Average loss: 268.0304
2018-11-17 03:10:42,385 | Test Epoch: 4 [0/10000 (0%)]	Loss: 263.815430
2018-11-17 03:10:43,042 | Test Epoch: 4 [2560/10000 (25%)]	Loss: 262.195526
2018-11-17 03:10:43,733 | Test Epoch: 4 [5120/10000 (50%)]	Loss: 257.252258
2018-11-17 03:10:44,483 | Test Epoch: 4 [7680/10000 (75%)]	Loss: 258.637329
2018-11-17 03:10:45,075 | ====> Test set loss: 260.7678
2018-11-17 03:10:46,492 | Train Epoch: 5 [0/60000 (0%)]	Loss: 261.631592
2018-11-17 03:10:48,267 | Train Epoch: 5 [2560/60000 (4%)]	Loss: 273.940002
2018-11-17 03:10:49,879 | Train Epoch: 5 [5120/60000 (9%)]	Loss: 260.207245
2018-11-17 03:10:51,590 | Train Epoch: 5 [7680/60000 (13%)]	Loss: 272.305389
2018-11-17 03:10:53,362 | Train Epoch: 5 [10240/60000 (17%)]	Loss: 269.365295
2018-11-17 03:10:54,997 | Train Epoch: 5 [12800/60000 (21%)]	Loss: 255.755768
2018-11-17 03:10:56,620 | Train Epoch: 5 [15360/60000 (26%)]	Loss: 262.651001
2018-11-17 03:10:58,205 | Train Epoch: 5 [17920/60000 (30%)]	Loss: 268.468811
2018-11-17 03:10:59,890 | Train Epoch: 5 [20480/60000 (34%)]	Loss: 261.805206
2018-11-17 03:11:01,567 | Train Epoch: 5 [23040/60000 (38%)]	Loss: 269.616882
2018-11-17 03:11:03,119 | Train Epoch: 5 [25600/60000 (43%)]	Loss: 268.175934
2018-11-17 03:11:04,722 | Train Epoch: 5 [28160/60000 (47%)]	Loss: 256.197876
2018-11-17 03:11:06,335 | Train Epoch: 5 [30720/60000 (51%)]	Loss: 266.912720
2018-11-17 03:11:07,907 | Train Epoch: 5 [33280/60000 (55%)]	Loss: 259.298676
2018-11-17 03:11:09,783 | Train Epoch: 5 [35840/60000 (60%)]	Loss: 268.931061
2018-11-17 03:11:11,331 | Train Epoch: 5 [38400/60000 (64%)]	Loss: 269.341553
2018-11-17 03:11:12,933 | Train Epoch: 5 [40960/60000 (68%)]	Loss: 263.766968
2018-11-17 03:11:14,546 | Train Epoch: 5 [43520/60000 (72%)]	Loss: 266.141449
2018-11-17 03:11:16,159 | Train Epoch: 5 [46080/60000 (77%)]	Loss: 256.397980
2018-11-17 03:11:17,858 | Train Epoch: 5 [48640/60000 (81%)]	Loss: 260.548218
2018-11-17 03:11:19,448 | Train Epoch: 5 [51200/60000 (85%)]	Loss: 265.289001
2018-11-17 03:11:21,010 | Train Epoch: 5 [53760/60000 (89%)]	Loss: 268.657440
2018-11-17 03:11:22,643 | Train Epoch: 5 [56320/60000 (94%)]	Loss: 259.565552
2018-11-17 03:11:24,231 | Train Epoch: 5 [58880/60000 (98%)]	Loss: 257.733429
2018-11-17 03:11:24,805 | ====> Epoch: 5 Average loss: 265.1219
2018-11-17 03:11:25,389 | Test Epoch: 5 [0/10000 (0%)]	Loss: 260.237671
2018-11-17 03:11:26,189 | Test Epoch: 5 [2560/10000 (25%)]	Loss: 255.266190
2018-11-17 03:11:26,877 | Test Epoch: 5 [5120/10000 (50%)]	Loss: 266.056396
2018-11-17 03:11:27,533 | Test Epoch: 5 [7680/10000 (75%)]	Loss: 253.483383
2018-11-17 03:11:28,042 | ====> Test set loss: 258.2312
2018-11-17 03:11:29,527 | Train Epoch: 6 [0/60000 (0%)]	Loss: 260.965271
2018-11-17 03:11:31,406 | Train Epoch: 6 [2560/60000 (4%)]	Loss: 263.762054
2018-11-17 03:11:33,278 | Train Epoch: 6 [5120/60000 (9%)]	Loss: 270.897614
2018-11-17 03:11:35,070 | Train Epoch: 6 [7680/60000 (13%)]	Loss: 264.563324
2018-11-17 03:11:36,757 | Train Epoch: 6 [10240/60000 (17%)]	Loss: 261.664673
2018-11-17 03:11:38,457 | Train Epoch: 6 [12800/60000 (21%)]	Loss: 261.507629
2018-11-17 03:11:40,187 | Train Epoch: 6 [15360/60000 (26%)]	Loss: 267.369263
2018-11-17 03:11:42,037 | Train Epoch: 6 [17920/60000 (30%)]	Loss: 256.600098
2018-11-17 03:11:43,701 | Train Epoch: 6 [20480/60000 (34%)]	Loss: 262.375397
2018-11-17 03:11:45,272 | Train Epoch: 6 [23040/60000 (38%)]	Loss: 262.232391
2018-11-17 03:11:46,844 | Train Epoch: 6 [25600/60000 (43%)]	Loss: 264.619598
2018-11-17 03:11:48,503 | Train Epoch: 6 [28160/60000 (47%)]	Loss: 266.387177
2018-11-17 03:11:50,088 | Train Epoch: 6 [30720/60000 (51%)]	Loss: 252.924377
2018-11-17 03:11:51,631 | Train Epoch: 6 [33280/60000 (55%)]	Loss: 257.846985
2018-11-17 03:11:53,172 | Train Epoch: 6 [35840/60000 (60%)]	Loss: 263.360748
2018-11-17 03:11:54,750 | Train Epoch: 6 [38400/60000 (64%)]	Loss: 261.350525
2018-11-17 03:11:56,415 | Train Epoch: 6 [40960/60000 (68%)]	Loss: 262.171753
2018-11-17 03:11:58,060 | Train Epoch: 6 [43520/60000 (72%)]	Loss: 258.557373
2018-11-17 03:11:59,735 | Train Epoch: 6 [46080/60000 (77%)]	Loss: 262.558746
2018-11-17 03:12:01,508 | Train Epoch: 6 [48640/60000 (81%)]	Loss: 266.214294
2018-11-17 03:12:03,199 | Train Epoch: 6 [51200/60000 (85%)]	Loss: 269.273468
2018-11-17 03:12:04,839 | Train Epoch: 6 [53760/60000 (89%)]	Loss: 251.066956
2018-11-17 03:12:06,588 | Train Epoch: 6 [56320/60000 (94%)]	Loss: 261.458496
2018-11-17 03:12:08,119 | Train Epoch: 6 [58880/60000 (98%)]	Loss: 269.120483
2018-11-17 03:12:08,697 | ====> Epoch: 6 Average loss: 262.7791
2018-11-17 03:12:09,276 | Test Epoch: 6 [0/10000 (0%)]	Loss: 268.202179
2018-11-17 03:12:09,974 | Test Epoch: 6 [2560/10000 (25%)]	Loss: 253.757111
2018-11-17 03:12:10,638 | Test Epoch: 6 [5120/10000 (50%)]	Loss: 253.729736
2018-11-17 03:12:11,297 | Test Epoch: 6 [7680/10000 (75%)]	Loss: 255.846725
2018-11-17 03:12:11,898 | ====> Test set loss: 258.0919
2018-11-17 03:12:13,640 | Train Epoch: 7 [0/60000 (0%)]	Loss: 259.674835
2018-11-17 03:12:15,460 | Train Epoch: 7 [2560/60000 (4%)]	Loss: 262.495239
2018-11-17 03:12:17,323 | Train Epoch: 7 [5120/60000 (9%)]	Loss: 261.822296
2018-11-17 03:12:19,154 | Train Epoch: 7 [7680/60000 (13%)]	Loss: 262.646973
2018-11-17 03:12:20,903 | Train Epoch: 7 [10240/60000 (17%)]	Loss: 260.171814
2018-11-17 03:12:22,574 | Train Epoch: 7 [12800/60000 (21%)]	Loss: 262.036591
2018-11-17 03:12:24,362 | Train Epoch: 7 [15360/60000 (26%)]	Loss: 260.981964
2018-11-17 03:12:25,993 | Train Epoch: 7 [17920/60000 (30%)]	Loss: 261.185577
2018-11-17 03:12:27,889 | Train Epoch: 7 [20480/60000 (34%)]	Loss: 261.579010
2018-11-17 03:12:29,561 | Train Epoch: 7 [23040/60000 (38%)]	Loss: 265.929199
2018-11-17 03:12:31,180 | Train Epoch: 7 [25600/60000 (43%)]	Loss: 261.208557
2018-11-17 03:12:32,849 | Train Epoch: 7 [28160/60000 (47%)]	Loss: 261.584717
2018-11-17 03:12:34,614 | Train Epoch: 7 [30720/60000 (51%)]	Loss: 254.969193
2018-11-17 03:12:36,389 | Train Epoch: 7 [33280/60000 (55%)]	Loss: 260.007507
2018-11-17 03:12:38,075 | Train Epoch: 7 [35840/60000 (60%)]	Loss: 253.722717
2018-11-17 03:12:39,709 | Train Epoch: 7 [38400/60000 (64%)]	Loss: 259.362915
2018-11-17 03:12:41,338 | Train Epoch: 7 [40960/60000 (68%)]	Loss: 260.698761
2018-11-17 03:12:43,105 | Train Epoch: 7 [43520/60000 (72%)]	Loss: 260.429474
2018-11-17 03:12:44,743 | Train Epoch: 7 [46080/60000 (77%)]	Loss: 267.704529
2018-11-17 03:12:46,409 | Train Epoch: 7 [48640/60000 (81%)]	Loss: 262.145264
2018-11-17 03:12:48,093 | Train Epoch: 7 [51200/60000 (85%)]	Loss: 259.581757
2018-11-17 03:12:49,782 | Train Epoch: 7 [53760/60000 (89%)]	Loss: 260.378632
2018-11-17 03:12:52,268 | Train Epoch: 7 [56320/60000 (94%)]	Loss: 263.512787
2018-11-17 03:12:53,890 | Train Epoch: 7 [58880/60000 (98%)]	Loss: 262.157501
2018-11-17 03:12:54,511 | ====> Epoch: 7 Average loss: 260.9040
2018-11-17 03:12:55,042 | Test Epoch: 7 [0/10000 (0%)]	Loss: 254.558441
2018-11-17 03:12:55,730 | Test Epoch: 7 [2560/10000 (25%)]	Loss: 254.916885
2018-11-17 03:12:56,411 | Test Epoch: 7 [5120/10000 (50%)]	Loss: 256.956390
2018-11-17 03:12:57,201 | Test Epoch: 7 [7680/10000 (75%)]	Loss: 253.467209
2018-11-17 03:12:57,843 | ====> Test set loss: 254.8229
2018-11-17 03:12:59,421 | Train Epoch: 8 [0/60000 (0%)]	Loss: 268.734772
2018-11-17 03:13:01,282 | Train Epoch: 8 [2560/60000 (4%)]	Loss: 263.812500
2018-11-17 03:13:02,954 | Train Epoch: 8 [5120/60000 (9%)]	Loss: 253.035599
2018-11-17 03:13:04,659 | Train Epoch: 8 [7680/60000 (13%)]	Loss: 270.219025
2018-11-17 03:13:06,433 | Train Epoch: 8 [10240/60000 (17%)]	Loss: 262.769257
2018-11-17 03:13:08,077 | Train Epoch: 8 [12800/60000 (21%)]	Loss: 262.196350
2018-11-17 03:13:09,665 | Train Epoch: 8 [15360/60000 (26%)]	Loss: 255.693771
2018-11-17 03:13:11,245 | Train Epoch: 8 [17920/60000 (30%)]	Loss: 260.161743
2018-11-17 03:13:12,997 | Train Epoch: 8 [20480/60000 (34%)]	Loss: 260.003021
2018-11-17 03:13:14,741 | Train Epoch: 8 [23040/60000 (38%)]	Loss: 259.538574
2018-11-17 03:13:16,344 | Train Epoch: 8 [25600/60000 (43%)]	Loss: 261.434601
2018-11-17 03:13:17,898 | Train Epoch: 8 [28160/60000 (47%)]	Loss: 251.988235
2018-11-17 03:13:19,444 | Train Epoch: 8 [30720/60000 (51%)]	Loss: 256.784271
2018-11-17 03:13:21,081 | Train Epoch: 8 [33280/60000 (55%)]	Loss: 249.382889
2018-11-17 03:13:22,805 | Train Epoch: 8 [35840/60000 (60%)]	Loss: 259.874390
2018-11-17 03:13:24,397 | Train Epoch: 8 [38400/60000 (64%)]	Loss: 257.262756
2018-11-17 03:13:25,899 | Train Epoch: 8 [40960/60000 (68%)]	Loss: 265.851929
2018-11-17 03:13:27,381 | Train Epoch: 8 [43520/60000 (72%)]	Loss: 267.553009
2018-11-17 03:13:28,901 | Train Epoch: 8 [46080/60000 (77%)]	Loss: 258.516510
2018-11-17 03:13:30,673 | Train Epoch: 8 [48640/60000 (81%)]	Loss: 265.451904
2018-11-17 03:13:32,162 | Train Epoch: 8 [51200/60000 (85%)]	Loss: 256.133362
2018-11-17 03:13:33,706 | Train Epoch: 8 [53760/60000 (89%)]	Loss: 257.951996
2018-11-17 03:13:35,175 | Train Epoch: 8 [56320/60000 (94%)]	Loss: 249.471985
2018-11-17 03:13:36,675 | Train Epoch: 8 [58880/60000 (98%)]	Loss: 251.496521
2018-11-17 03:13:37,223 | ====> Epoch: 8 Average loss: 259.1946
2018-11-17 03:13:37,830 | Test Epoch: 8 [0/10000 (0%)]	Loss: 254.535156
2018-11-17 03:13:38,641 | Test Epoch: 8 [2560/10000 (25%)]	Loss: 250.162827
2018-11-17 03:13:39,318 | Test Epoch: 8 [5120/10000 (50%)]	Loss: 254.410034
2018-11-17 03:13:39,978 | Test Epoch: 8 [7680/10000 (75%)]	Loss: 247.388992
2018-11-17 03:13:40,516 | ====> Test set loss: 253.3900
2018-11-17 03:13:42,081 | Train Epoch: 9 [0/60000 (0%)]	Loss: 260.260681
2018-11-17 03:13:43,878 | Train Epoch: 9 [2560/60000 (4%)]	Loss: 263.949982
2018-11-17 03:13:45,664 | Train Epoch: 9 [5120/60000 (9%)]	Loss: 258.706604
2018-11-17 03:13:47,309 | Train Epoch: 9 [7680/60000 (13%)]	Loss: 254.916046
2018-11-17 03:13:48,930 | Train Epoch: 9 [10240/60000 (17%)]	Loss: 260.551758
2018-11-17 03:13:50,531 | Train Epoch: 9 [12800/60000 (21%)]	Loss: 250.262192
2018-11-17 03:13:52,089 | Train Epoch: 9 [15360/60000 (26%)]	Loss: 255.739273
2018-11-17 03:13:53,717 | Train Epoch: 9 [17920/60000 (30%)]	Loss: 253.879608
2018-11-17 03:13:55,385 | Train Epoch: 9 [20480/60000 (34%)]	Loss: 258.724762
2018-11-17 03:13:56,909 | Train Epoch: 9 [23040/60000 (38%)]	Loss: 258.811157
2018-11-17 03:13:58,464 | Train Epoch: 9 [25600/60000 (43%)]	Loss: 254.779617
2018-11-17 03:13:59,983 | Train Epoch: 9 [28160/60000 (47%)]	Loss: 250.147781
2018-11-17 03:14:01,626 | Train Epoch: 9 [30720/60000 (51%)]	Loss: 255.919327
2018-11-17 03:14:03,350 | Train Epoch: 9 [33280/60000 (55%)]	Loss: 259.313751
2018-11-17 03:14:04,854 | Train Epoch: 9 [35840/60000 (60%)]	Loss: 260.506470
2018-11-17 03:14:06,334 | Train Epoch: 9 [38400/60000 (64%)]	Loss: 251.500565
2018-11-17 03:14:07,829 | Train Epoch: 9 [40960/60000 (68%)]	Loss: 255.874557
2018-11-17 03:14:09,345 | Train Epoch: 9 [43520/60000 (72%)]	Loss: 256.041718
2018-11-17 03:14:11,001 | Train Epoch: 9 [46080/60000 (77%)]	Loss: 262.771698
2018-11-17 03:14:12,593 | Train Epoch: 9 [48640/60000 (81%)]	Loss: 247.873108
2018-11-17 03:14:14,059 | Train Epoch: 9 [51200/60000 (85%)]	Loss: 251.879181
2018-11-17 03:14:15,601 | Train Epoch: 9 [53760/60000 (89%)]	Loss: 254.252960
2018-11-17 03:14:17,124 | Train Epoch: 9 [56320/60000 (94%)]	Loss: 254.286987
2018-11-17 03:14:18,647 | Train Epoch: 9 [58880/60000 (98%)]	Loss: 266.063049
2018-11-17 03:14:19,249 | ====> Epoch: 9 Average loss: 257.7603
2018-11-17 03:14:19,961 | Test Epoch: 9 [0/10000 (0%)]	Loss: 254.973557
2018-11-17 03:14:20,675 | Test Epoch: 9 [2560/10000 (25%)]	Loss: 255.356506
2018-11-17 03:14:21,360 | Test Epoch: 9 [5120/10000 (50%)]	Loss: 254.953735
2018-11-17 03:14:22,057 | Test Epoch: 9 [7680/10000 (75%)]	Loss: 251.185791
2018-11-17 03:14:22,722 | ====> Test set loss: 252.1152
2018-11-17 03:14:24,434 | Train Epoch: 10 [0/60000 (0%)]	Loss: 266.590668
2018-11-17 03:14:26,275 | Train Epoch: 10 [2560/60000 (4%)]	Loss: 263.456116
2018-11-17 03:14:28,067 | Train Epoch: 10 [5120/60000 (9%)]	Loss: 254.060272
2018-11-17 03:14:29,642 | Train Epoch: 10 [7680/60000 (13%)]	Loss: 258.386566
2018-11-17 03:14:31,214 | Train Epoch: 10 [10240/60000 (17%)]	Loss: 256.697571
2018-11-17 03:14:32,780 | Train Epoch: 10 [12800/60000 (21%)]	Loss: 255.100922
2018-11-17 03:14:34,384 | Train Epoch: 10 [15360/60000 (26%)]	Loss: 251.566360
2018-11-17 03:14:36,110 | Train Epoch: 10 [17920/60000 (30%)]	Loss: 253.032913
2018-11-17 03:14:37,641 | Train Epoch: 10 [20480/60000 (34%)]	Loss: 257.596497
2018-11-17 03:14:39,182 | Train Epoch: 10 [23040/60000 (38%)]	Loss: 257.098480
2018-11-17 03:14:40,657 | Train Epoch: 10 [25600/60000 (43%)]	Loss: 256.612946
2018-11-17 03:14:42,124 | Train Epoch: 10 [28160/60000 (47%)]	Loss: 255.663635
2018-11-17 03:14:43,818 | Train Epoch: 10 [30720/60000 (51%)]	Loss: 261.364014
2018-11-17 03:14:45,382 | Train Epoch: 10 [33280/60000 (55%)]	Loss: 251.293976
2018-11-17 03:14:46,872 | Train Epoch: 10 [35840/60000 (60%)]	Loss: 261.710724
2018-11-17 03:14:48,347 | Train Epoch: 10 [38400/60000 (64%)]	Loss: 262.848419
2018-11-17 03:14:49,800 | Train Epoch: 10 [40960/60000 (68%)]	Loss: 259.256744
2018-11-17 03:14:51,301 | Train Epoch: 10 [43520/60000 (72%)]	Loss: 259.146423
2018-11-17 03:14:52,930 | Train Epoch: 10 [46080/60000 (77%)]	Loss: 246.370438
2018-11-17 03:14:54,423 | Train Epoch: 10 [48640/60000 (81%)]	Loss: 253.019989
2018-11-17 03:14:55,939 | Train Epoch: 10 [51200/60000 (85%)]	Loss: 250.224335
2018-11-17 03:14:57,354 | Train Epoch: 10 [53760/60000 (89%)]	Loss: 261.498047
2018-11-17 03:14:58,765 | Train Epoch: 10 [56320/60000 (94%)]	Loss: 262.107941
2018-11-17 03:15:00,321 | Train Epoch: 10 [58880/60000 (98%)]	Loss: 255.413391
2018-11-17 03:15:00,927 | ====> Epoch: 10 Average loss: 256.4215
2018-11-17 03:15:01,634 | Test Epoch: 10 [0/10000 (0%)]	Loss: 252.643768
2018-11-17 03:15:02,316 | Test Epoch: 10 [2560/10000 (25%)]	Loss: 258.126709
2018-11-17 03:15:03,052 | Test Epoch: 10 [5120/10000 (50%)]	Loss: 246.083801
2018-11-17 03:15:03,725 | Test Epoch: 10 [7680/10000 (75%)]	Loss: 249.597061
2018-11-17 03:15:04,277 | ====> Test set loss: 251.5167
2018-11-17 03:15:05,855 | Train Epoch: 11 [0/60000 (0%)]	Loss: 254.501266
2018-11-17 03:15:07,802 | Train Epoch: 11 [2560/60000 (4%)]	Loss: 251.318741
2018-11-17 03:15:09,530 | Train Epoch: 11 [5120/60000 (9%)]	Loss: 252.543549
2018-11-17 03:15:11,240 | Train Epoch: 11 [7680/60000 (13%)]	Loss: 259.798431
2018-11-17 03:15:12,903 | Train Epoch: 11 [10240/60000 (17%)]	Loss: 251.558899
2018-11-17 03:15:14,535 | Train Epoch: 11 [12800/60000 (21%)]	Loss: 255.074005
2018-11-17 03:15:16,202 | Train Epoch: 11 [15360/60000 (26%)]	Loss: 265.244171
2018-11-17 03:15:17,819 | Train Epoch: 11 [17920/60000 (30%)]	Loss: 256.225281
2018-11-17 03:15:19,438 | Train Epoch: 11 [20480/60000 (34%)]	Loss: 259.927887
2018-11-17 03:15:21,003 | Train Epoch: 11 [23040/60000 (38%)]	Loss: 251.848709
2018-11-17 03:15:22,512 | Train Epoch: 11 [25600/60000 (43%)]	Loss: 259.034302
2018-11-17 03:15:24,093 | Train Epoch: 11 [28160/60000 (47%)]	Loss: 244.508987
2018-11-17 03:15:25,705 | Train Epoch: 11 [30720/60000 (51%)]	Loss: 245.693909
2018-11-17 03:15:27,194 | Train Epoch: 11 [33280/60000 (55%)]	Loss: 258.290253
2018-11-17 03:15:28,718 | Train Epoch: 11 [35840/60000 (60%)]	Loss: 258.718750
2018-11-17 03:15:30,222 | Train Epoch: 11 [38400/60000 (64%)]	Loss: 255.145630
2018-11-17 03:15:31,744 | Train Epoch: 11 [40960/60000 (68%)]	Loss: 254.338776
2018-11-17 03:15:33,490 | Train Epoch: 11 [43520/60000 (72%)]	Loss: 259.417633
2018-11-17 03:15:34,995 | Train Epoch: 11 [46080/60000 (77%)]	Loss: 247.121796
2018-11-17 03:15:36,509 | Train Epoch: 11 [48640/60000 (81%)]	Loss: 260.521576
2018-11-17 03:15:38,039 | Train Epoch: 11 [51200/60000 (85%)]	Loss: 250.732224
2018-11-17 03:15:39,533 | Train Epoch: 11 [53760/60000 (89%)]	Loss: 259.464691
2018-11-17 03:15:41,122 | Train Epoch: 11 [56320/60000 (94%)]	Loss: 253.434845
2018-11-17 03:15:42,707 | Train Epoch: 11 [58880/60000 (98%)]	Loss: 255.705643
2018-11-17 03:15:43,234 | ====> Epoch: 11 Average loss: 255.2274
2018-11-17 03:15:43,747 | Test Epoch: 11 [0/10000 (0%)]	Loss: 247.833954
2018-11-17 03:15:44,399 | Test Epoch: 11 [2560/10000 (25%)]	Loss: 252.466064
2018-11-17 03:15:45,069 | Test Epoch: 11 [5120/10000 (50%)]	Loss: 255.801147
2018-11-17 03:15:45,716 | Test Epoch: 11 [7680/10000 (75%)]	Loss: 246.858063
2018-11-17 03:15:46,245 | ====> Test set loss: 250.3482
2018-11-17 03:15:48,053 | Train Epoch: 12 [0/60000 (0%)]	Loss: 262.200867
2018-11-17 03:15:49,921 | Train Epoch: 12 [2560/60000 (4%)]	Loss: 252.337799
2018-11-17 03:15:51,590 | Train Epoch: 12 [5120/60000 (9%)]	Loss: 252.327850
2018-11-17 03:15:53,215 | Train Epoch: 12 [7680/60000 (13%)]	Loss: 256.611328
2018-11-17 03:15:54,892 | Train Epoch: 12 [10240/60000 (17%)]	Loss: 248.245514
2018-11-17 03:15:56,646 | Train Epoch: 12 [12800/60000 (21%)]	Loss: 246.406082
2018-11-17 03:15:58,392 | Train Epoch: 12 [15360/60000 (26%)]	Loss: 253.494095
2018-11-17 03:16:00,099 | Train Epoch: 12 [17920/60000 (30%)]	Loss: 258.971649
2018-11-17 03:16:01,767 | Train Epoch: 12 [20480/60000 (34%)]	Loss: 254.323212
2018-11-17 03:16:03,343 | Train Epoch: 12 [23040/60000 (38%)]	Loss: 249.275543
2018-11-17 03:16:05,003 | Train Epoch: 12 [25600/60000 (43%)]	Loss: 257.099213
2018-11-17 03:16:06,662 | Train Epoch: 12 [28160/60000 (47%)]	Loss: 255.156189
2018-11-17 03:16:08,179 | Train Epoch: 12 [30720/60000 (51%)]	Loss: 255.624542
2018-11-17 03:16:09,722 | Train Epoch: 12 [33280/60000 (55%)]	Loss: 243.148010
2018-11-17 03:16:11,197 | Train Epoch: 12 [35840/60000 (60%)]	Loss: 255.635330
2018-11-17 03:16:12,713 | Train Epoch: 12 [38400/60000 (64%)]	Loss: 259.363617
2018-11-17 03:16:14,428 | Train Epoch: 12 [40960/60000 (68%)]	Loss: 253.351791
2018-11-17 03:16:15,995 | Train Epoch: 12 [43520/60000 (72%)]	Loss: 251.854828
2018-11-17 03:16:17,521 | Train Epoch: 12 [46080/60000 (77%)]	Loss: 252.321259
2018-11-17 03:16:18,972 | Train Epoch: 12 [48640/60000 (81%)]	Loss: 261.226318
2018-11-17 03:16:20,486 | Train Epoch: 12 [51200/60000 (85%)]	Loss: 253.443237
2018-11-17 03:16:22,008 | Train Epoch: 12 [53760/60000 (89%)]	Loss: 251.955063
2018-11-17 03:16:23,540 | Train Epoch: 12 [56320/60000 (94%)]	Loss: 255.330261
2018-11-17 03:16:25,006 | Train Epoch: 12 [58880/60000 (98%)]	Loss: 258.792053
2018-11-17 03:16:25,567 | ====> Epoch: 12 Average loss: 254.1242
2018-11-17 03:16:26,204 | Test Epoch: 12 [0/10000 (0%)]	Loss: 243.910660
2018-11-17 03:16:26,909 | Test Epoch: 12 [2560/10000 (25%)]	Loss: 257.703339
2018-11-17 03:16:27,587 | Test Epoch: 12 [5120/10000 (50%)]	Loss: 245.609695
2018-11-17 03:16:28,231 | Test Epoch: 12 [7680/10000 (75%)]	Loss: 240.542099
2018-11-17 03:16:28,950 | ====> Test set loss: 249.2173
2018-11-17 03:16:30,815 | Train Epoch: 13 [0/60000 (0%)]	Loss: 250.318542
2018-11-17 03:16:32,618 | Train Epoch: 13 [2560/60000 (4%)]	Loss: 252.571945
2018-11-17 03:16:34,243 | Train Epoch: 13 [5120/60000 (9%)]	Loss: 256.985840
2018-11-17 03:16:35,890 | Train Epoch: 13 [7680/60000 (13%)]	Loss: 252.290344
2018-11-17 03:16:37,701 | Train Epoch: 13 [10240/60000 (17%)]	Loss: 254.477661
2018-11-17 03:16:39,374 | Train Epoch: 13 [12800/60000 (21%)]	Loss: 256.137238
2018-11-17 03:16:40,949 | Train Epoch: 13 [15360/60000 (26%)]	Loss: 253.669388
2018-11-17 03:16:42,530 | Train Epoch: 13 [17920/60000 (30%)]	Loss: 255.502319
2018-11-17 03:16:44,119 | Train Epoch: 13 [20480/60000 (34%)]	Loss: 247.433502
2018-11-17 03:16:45,890 | Train Epoch: 13 [23040/60000 (38%)]	Loss: 248.204529
2018-11-17 03:16:47,467 | Train Epoch: 13 [25600/60000 (43%)]	Loss: 251.213867
2018-11-17 03:16:49,160 | Train Epoch: 13 [28160/60000 (47%)]	Loss: 260.045135
2018-11-17 03:16:50,708 | Train Epoch: 13 [30720/60000 (51%)]	Loss: 255.802460
2018-11-17 03:16:52,357 | Train Epoch: 13 [33280/60000 (55%)]	Loss: 250.269943
2018-11-17 03:16:54,093 | Train Epoch: 13 [35840/60000 (60%)]	Loss: 252.014175
2018-11-17 03:16:55,642 | Train Epoch: 13 [38400/60000 (64%)]	Loss: 256.787537
2018-11-17 03:16:57,109 | Train Epoch: 13 [40960/60000 (68%)]	Loss: 255.435699
2018-11-17 03:16:58,644 | Train Epoch: 13 [43520/60000 (72%)]	Loss: 254.186157
2018-11-17 03:17:00,125 | Train Epoch: 13 [46080/60000 (77%)]	Loss: 247.676086
2018-11-17 03:17:01,657 | Train Epoch: 13 [48640/60000 (81%)]	Loss: 252.921906
2018-11-17 03:17:03,313 | Train Epoch: 13 [51200/60000 (85%)]	Loss: 253.511368
2018-11-17 03:17:04,795 | Train Epoch: 13 [53760/60000 (89%)]	Loss: 246.292633
2018-11-17 03:17:06,261 | Train Epoch: 13 [56320/60000 (94%)]	Loss: 249.022781
2018-11-17 03:17:07,738 | Train Epoch: 13 [58880/60000 (98%)]	Loss: 252.462601
2018-11-17 03:17:08,283 | ====> Epoch: 13 Average loss: 253.1256
2018-11-17 03:17:08,813 | Test Epoch: 13 [0/10000 (0%)]	Loss: 244.252182
2018-11-17 03:17:09,477 | Test Epoch: 13 [2560/10000 (25%)]	Loss: 247.397369
2018-11-17 03:17:10,197 | Test Epoch: 13 [5120/10000 (50%)]	Loss: 244.337509
2018-11-17 03:17:10,955 | Test Epoch: 13 [7680/10000 (75%)]	Loss: 239.335098
2018-11-17 03:17:11,536 | ====> Test set loss: 248.0880
2018-11-17 03:17:13,292 | Train Epoch: 14 [0/60000 (0%)]	Loss: 253.996750
2018-11-17 03:17:15,008 | Train Epoch: 14 [2560/60000 (4%)]	Loss: 250.749496
2018-11-17 03:17:16,656 | Train Epoch: 14 [5120/60000 (9%)]	Loss: 253.062592
2018-11-17 03:17:18,434 | Train Epoch: 14 [7680/60000 (13%)]	Loss: 253.813644
2018-11-17 03:17:20,153 | Train Epoch: 14 [10240/60000 (17%)]	Loss: 253.629272
2018-11-17 03:17:21,728 | Train Epoch: 14 [12800/60000 (21%)]	Loss: 251.129715
2018-11-17 03:17:23,385 | Train Epoch: 14 [15360/60000 (26%)]	Loss: 254.384186
2018-11-17 03:17:24,924 | Train Epoch: 14 [17920/60000 (30%)]	Loss: 255.961349
2018-11-17 03:17:26,627 | Train Epoch: 14 [20480/60000 (34%)]	Loss: 251.742813
2018-11-17 03:17:28,268 | Train Epoch: 14 [23040/60000 (38%)]	Loss: 260.009003
2018-11-17 03:17:29,818 | Train Epoch: 14 [25600/60000 (43%)]	Loss: 250.457321
2018-11-17 03:17:31,376 | Train Epoch: 14 [28160/60000 (47%)]	Loss: 248.778290
2018-11-17 03:17:32,886 | Train Epoch: 14 [30720/60000 (51%)]	Loss: 256.346069
2018-11-17 03:17:34,470 | Train Epoch: 14 [33280/60000 (55%)]	Loss: 254.963425
2018-11-17 03:17:36,531 | Train Epoch: 14 [35840/60000 (60%)]	Loss: 255.496078
2018-11-17 03:17:38,449 | Train Epoch: 14 [38400/60000 (64%)]	Loss: 258.420166
2018-11-17 03:17:40,292 | Train Epoch: 14 [40960/60000 (68%)]	Loss: 246.392975
2018-11-17 03:17:42,276 | Train Epoch: 14 [43520/60000 (72%)]	Loss: 256.419617
2018-11-17 03:17:44,303 | Train Epoch: 14 [46080/60000 (77%)]	Loss: 255.902664
2018-11-17 03:17:46,510 | Train Epoch: 14 [48640/60000 (81%)]	Loss: 251.342758
2018-11-17 03:17:48,192 | Train Epoch: 14 [51200/60000 (85%)]	Loss: 252.072098
2018-11-17 03:17:49,695 | Train Epoch: 14 [53760/60000 (89%)]	Loss: 259.394867
2018-11-17 03:17:51,217 | Train Epoch: 14 [56320/60000 (94%)]	Loss: 245.303741
2018-11-17 03:17:52,744 | Train Epoch: 14 [58880/60000 (98%)]	Loss: 250.341064
2018-11-17 03:17:53,330 | ====> Epoch: 14 Average loss: 252.2504
2018-11-17 03:17:54,128 | Test Epoch: 14 [0/10000 (0%)]	Loss: 239.929184
2018-11-17 03:17:54,839 | Test Epoch: 14 [2560/10000 (25%)]	Loss: 250.118744
2018-11-17 03:17:55,612 | Test Epoch: 14 [5120/10000 (50%)]	Loss: 247.605896
2018-11-17 03:17:56,293 | Test Epoch: 14 [7680/10000 (75%)]	Loss: 240.431320
2018-11-17 03:17:56,936 | ====> Test set loss: 247.5598
2018-11-17 03:17:59,373 | Train Epoch: 15 [0/60000 (0%)]	Loss: 246.347183
2018-11-17 03:18:01,272 | Train Epoch: 15 [2560/60000 (4%)]	Loss: 252.908752
2018-11-17 03:18:02,951 | Train Epoch: 15 [5120/60000 (9%)]	Loss: 250.493484
2018-11-17 03:18:04,565 | Train Epoch: 15 [7680/60000 (13%)]	Loss: 248.417801
2018-11-17 03:18:06,109 | Train Epoch: 15 [10240/60000 (17%)]	Loss: 258.138000
2018-11-17 03:18:07,692 | Train Epoch: 15 [12800/60000 (21%)]	Loss: 256.529785
2018-11-17 03:18:09,467 | Train Epoch: 15 [15360/60000 (26%)]	Loss: 250.381195
2018-11-17 03:18:11,126 | Train Epoch: 15 [17920/60000 (30%)]	Loss: 248.743362
2018-11-17 03:18:12,779 | Train Epoch: 15 [20480/60000 (34%)]	Loss: 254.571228
2018-11-17 03:18:14,410 | Train Epoch: 15 [23040/60000 (38%)]	Loss: 250.349991
2018-11-17 03:18:15,949 | Train Epoch: 15 [25600/60000 (43%)]	Loss: 250.650925
2018-11-17 03:18:17,603 | Train Epoch: 15 [28160/60000 (47%)]	Loss: 245.217072
2018-11-17 03:18:19,173 | Train Epoch: 15 [30720/60000 (51%)]	Loss: 248.247406
2018-11-17 03:18:20,678 | Train Epoch: 15 [33280/60000 (55%)]	Loss: 251.764145
2018-11-17 03:18:22,155 | Train Epoch: 15 [35840/60000 (60%)]	Loss: 258.967346
2018-11-17 03:18:23,685 | Train Epoch: 15 [38400/60000 (64%)]	Loss: 256.274048
2018-11-17 03:18:25,231 | Train Epoch: 15 [40960/60000 (68%)]	Loss: 245.562851
2018-11-17 03:18:26,871 | Train Epoch: 15 [43520/60000 (72%)]	Loss: 250.655823
2018-11-17 03:18:28,409 | Train Epoch: 15 [46080/60000 (77%)]	Loss: 245.451401
2018-11-17 03:18:29,895 | Train Epoch: 15 [48640/60000 (81%)]	Loss: 250.031357
2018-11-17 03:18:31,367 | Train Epoch: 15 [51200/60000 (85%)]	Loss: 261.736267
2018-11-17 03:18:32,846 | Train Epoch: 15 [53760/60000 (89%)]	Loss: 249.575775
2018-11-17 03:18:34,378 | Train Epoch: 15 [56320/60000 (94%)]	Loss: 256.387665
2018-11-17 03:18:36,055 | Train Epoch: 15 [58880/60000 (98%)]	Loss: 253.834457
2018-11-17 03:18:36,591 | ====> Epoch: 15 Average loss: 251.5401
2018-11-17 03:18:37,236 | Test Epoch: 15 [0/10000 (0%)]	Loss: 252.722839
2018-11-17 03:18:37,900 | Test Epoch: 15 [2560/10000 (25%)]	Loss: 249.976135
2018-11-17 03:18:38,539 | Test Epoch: 15 [5120/10000 (50%)]	Loss: 244.900833
2018-11-17 03:18:39,198 | Test Epoch: 15 [7680/10000 (75%)]	Loss: 242.717133
2018-11-17 03:18:39,739 | ====> Test set loss: 247.5381
2018-11-17 03:18:41,306 | Train Epoch: 16 [0/60000 (0%)]	Loss: 254.857697
2018-11-17 03:18:43,245 | Train Epoch: 16 [2560/60000 (4%)]	Loss: 239.508804
2018-11-17 03:18:44,882 | Train Epoch: 16 [5120/60000 (9%)]	Loss: 257.245026
2018-11-17 03:18:46,492 | Train Epoch: 16 [7680/60000 (13%)]	Loss: 245.940536
2018-11-17 03:18:48,087 | Train Epoch: 16 [10240/60000 (17%)]	Loss: 251.887146
2018-11-17 03:18:49,718 | Train Epoch: 16 [12800/60000 (21%)]	Loss: 248.644424
2018-11-17 03:18:51,487 | Train Epoch: 16 [15360/60000 (26%)]	Loss: 246.684799
2018-11-17 03:18:53,122 | Train Epoch: 16 [17920/60000 (30%)]	Loss: 256.966248
2018-11-17 03:18:54,705 | Train Epoch: 16 [20480/60000 (34%)]	Loss: 253.072601
2018-11-17 03:18:56,233 | Train Epoch: 16 [23040/60000 (38%)]	Loss: 248.756042
2018-11-17 03:18:57,804 | Train Epoch: 16 [25600/60000 (43%)]	Loss: 251.884857
2018-11-17 03:18:59,495 | Train Epoch: 16 [28160/60000 (47%)]	Loss: 249.724579
2018-11-17 03:19:01,104 | Train Epoch: 16 [30720/60000 (51%)]	Loss: 248.075806
2018-11-17 03:19:02,613 | Train Epoch: 16 [33280/60000 (55%)]	Loss: 256.219696
2018-11-17 03:19:04,117 | Train Epoch: 16 [35840/60000 (60%)]	Loss: 250.616135
2018-11-17 03:19:05,662 | Train Epoch: 16 [38400/60000 (64%)]	Loss: 251.576263
2018-11-17 03:19:07,167 | Train Epoch: 16 [40960/60000 (68%)]	Loss: 254.691589
2018-11-17 03:19:08,797 | Train Epoch: 16 [43520/60000 (72%)]	Loss: 247.888229
2018-11-17 03:19:10,343 | Train Epoch: 16 [46080/60000 (77%)]	Loss: 257.812134
2018-11-17 03:19:11,898 | Train Epoch: 16 [48640/60000 (81%)]	Loss: 250.925156
2018-11-17 03:19:13,401 | Train Epoch: 16 [51200/60000 (85%)]	Loss: 246.121216
2018-11-17 03:19:14,876 | Train Epoch: 16 [53760/60000 (89%)]	Loss: 257.039459
2018-11-17 03:19:16,460 | Train Epoch: 16 [56320/60000 (94%)]	Loss: 249.252426
2018-11-17 03:19:18,003 | Train Epoch: 16 [58880/60000 (98%)]	Loss: 240.822525
2018-11-17 03:19:18,562 | ====> Epoch: 16 Average loss: 250.8432
2018-11-17 03:19:19,381 | Test Epoch: 16 [0/10000 (0%)]	Loss: 243.259369
2018-11-17 03:19:20,037 | Test Epoch: 16 [2560/10000 (25%)]	Loss: 250.971558
2018-11-17 03:19:20,692 | Test Epoch: 16 [5120/10000 (50%)]	Loss: 246.772583
2018-11-17 03:19:21,358 | Test Epoch: 16 [7680/10000 (75%)]	Loss: 236.480026
2018-11-17 03:19:21,879 | ====> Test set loss: 246.2819
2018-11-17 03:19:23,862 | Train Epoch: 17 [0/60000 (0%)]	Loss: 257.004791
2018-11-17 03:19:25,622 | Train Epoch: 17 [2560/60000 (4%)]	Loss: 251.984360
2018-11-17 03:19:27,285 | Train Epoch: 17 [5120/60000 (9%)]	Loss: 248.369812
2018-11-17 03:19:28,902 | Train Epoch: 17 [7680/60000 (13%)]	Loss: 245.929657
2018-11-17 03:19:30,534 | Train Epoch: 17 [10240/60000 (17%)]	Loss: 243.353210
2018-11-17 03:19:32,323 | Train Epoch: 17 [12800/60000 (21%)]	Loss: 253.600769
2018-11-17 03:19:33,895 | Train Epoch: 17 [15360/60000 (26%)]	Loss: 257.426575
2018-11-17 03:19:35,458 | Train Epoch: 17 [17920/60000 (30%)]	Loss: 248.676941
2018-11-17 03:19:36,998 | Train Epoch: 17 [20480/60000 (34%)]	Loss: 249.957520
2018-11-17 03:19:38,557 | Train Epoch: 17 [23040/60000 (38%)]	Loss: 242.292267
2018-11-17 03:19:40,319 | Train Epoch: 17 [25600/60000 (43%)]	Loss: 251.834396
2018-11-17 03:19:41,950 | Train Epoch: 17 [28160/60000 (47%)]	Loss: 256.129944
2018-11-17 03:19:43,500 | Train Epoch: 17 [30720/60000 (51%)]	Loss: 249.573593
2018-11-17 03:19:44,970 | Train Epoch: 17 [33280/60000 (55%)]	Loss: 263.288605
2018-11-17 03:19:46,443 | Train Epoch: 17 [35840/60000 (60%)]	Loss: 248.033676
2018-11-17 03:19:47,986 | Train Epoch: 17 [38400/60000 (64%)]	Loss: 238.971878
2018-11-17 03:19:49,577 | Train Epoch: 17 [40960/60000 (68%)]	Loss: 257.683472
2018-11-17 03:19:51,077 | Train Epoch: 17 [43520/60000 (72%)]	Loss: 251.864655
2018-11-17 03:19:52,549 | Train Epoch: 17 [46080/60000 (77%)]	Loss: 252.843018
2018-11-17 03:19:54,002 | Train Epoch: 17 [48640/60000 (81%)]	Loss: 249.609268
2018-11-17 03:19:55,497 | Train Epoch: 17 [51200/60000 (85%)]	Loss: 251.332718
2018-11-17 03:19:57,086 | Train Epoch: 17 [53760/60000 (89%)]	Loss: 249.724777
2018-11-17 03:19:58,589 | Train Epoch: 17 [56320/60000 (94%)]	Loss: 250.525040
2018-11-17 03:20:00,089 | Train Epoch: 17 [58880/60000 (98%)]	Loss: 244.576736
2018-11-17 03:20:00,615 | ====> Epoch: 17 Average loss: 250.1933
2018-11-17 03:20:01,298 | Test Epoch: 17 [0/10000 (0%)]	Loss: 246.516190
2018-11-17 03:20:01,969 | Test Epoch: 17 [2560/10000 (25%)]	Loss: 250.981125
2018-11-17 03:20:02,595 | Test Epoch: 17 [5120/10000 (50%)]	Loss: 249.564072
2018-11-17 03:20:03,254 | Test Epoch: 17 [7680/10000 (75%)]	Loss: 240.254272
2018-11-17 03:20:03,850 | ====> Test set loss: 246.5581
2018-11-17 03:20:05,818 | Train Epoch: 18 [0/60000 (0%)]	Loss: 248.786026
2018-11-17 03:20:07,518 | Train Epoch: 18 [2560/60000 (4%)]	Loss: 240.557571
2018-11-17 03:20:09,187 | Train Epoch: 18 [5120/60000 (9%)]	Loss: 249.179642
2018-11-17 03:20:10,849 | Train Epoch: 18 [7680/60000 (13%)]	Loss: 244.868256
2018-11-17 03:20:12,669 | Train Epoch: 18 [10240/60000 (17%)]	Loss: 245.833282
2018-11-17 03:20:14,277 | Train Epoch: 18 [12800/60000 (21%)]	Loss: 247.693192
2018-11-17 03:20:15,900 | Train Epoch: 18 [15360/60000 (26%)]	Loss: 246.606735
2018-11-17 03:20:17,494 | Train Epoch: 18 [17920/60000 (30%)]	Loss: 252.212769
2018-11-17 03:20:19,064 | Train Epoch: 18 [20480/60000 (34%)]	Loss: 249.535904
2018-11-17 03:20:20,752 | Train Epoch: 18 [23040/60000 (38%)]	Loss: 251.150116
2018-11-17 03:20:22,308 | Train Epoch: 18 [25600/60000 (43%)]	Loss: 256.038177
2018-11-17 03:20:23,846 | Train Epoch: 18 [28160/60000 (47%)]	Loss: 238.628723
2018-11-17 03:20:25,401 | Train Epoch: 18 [30720/60000 (51%)]	Loss: 248.854492
2018-11-17 03:20:26,963 | Train Epoch: 18 [33280/60000 (55%)]	Loss: 257.908936
2018-11-17 03:20:28,571 | Train Epoch: 18 [35840/60000 (60%)]	Loss: 246.591599
2018-11-17 03:20:30,239 | Train Epoch: 18 [38400/60000 (64%)]	Loss: 257.873657
2018-11-17 03:20:31,771 | Train Epoch: 18 [40960/60000 (68%)]	Loss: 244.173157
2018-11-17 03:20:33,284 | Train Epoch: 18 [43520/60000 (72%)]	Loss: 253.071167
2018-11-17 03:20:34,797 | Train Epoch: 18 [46080/60000 (77%)]	Loss: 246.712631
2018-11-17 03:20:36,338 | Train Epoch: 18 [48640/60000 (81%)]	Loss: 252.002487
2018-11-17 03:20:37,973 | Train Epoch: 18 [51200/60000 (85%)]	Loss: 241.413132
2018-11-17 03:20:39,518 | Train Epoch: 18 [53760/60000 (89%)]	Loss: 249.277924
2018-11-17 03:20:41,003 | Train Epoch: 18 [56320/60000 (94%)]	Loss: 254.963058
2018-11-17 03:20:42,447 | Train Epoch: 18 [58880/60000 (98%)]	Loss: 243.057709
2018-11-17 03:20:42,975 | ====> Epoch: 18 Average loss: 249.5986
2018-11-17 03:20:43,678 | Test Epoch: 18 [0/10000 (0%)]	Loss: 244.496796
2018-11-17 03:20:44,384 | Test Epoch: 18 [2560/10000 (25%)]	Loss: 251.510925
2018-11-17 03:20:45,131 | Test Epoch: 18 [5120/10000 (50%)]	Loss: 247.571075
2018-11-17 03:20:45,894 | Test Epoch: 18 [7680/10000 (75%)]	Loss: 247.076981
2018-11-17 03:20:46,431 | ====> Test set loss: 245.4850
2018-11-17 03:20:48,207 | Train Epoch: 19 [0/60000 (0%)]	Loss: 242.809723
2018-11-17 03:20:49,957 | Train Epoch: 19 [2560/60000 (4%)]	Loss: 252.019638
2018-11-17 03:20:51,638 | Train Epoch: 19 [5120/60000 (9%)]	Loss: 251.887817
2018-11-17 03:20:53,455 | Train Epoch: 19 [7680/60000 (13%)]	Loss: 247.244217
2018-11-17 03:20:55,063 | Train Epoch: 19 [10240/60000 (17%)]	Loss: 245.816299
2018-11-17 03:20:56,741 | Train Epoch: 19 [12800/60000 (21%)]	Loss: 252.414825
2018-11-17 03:20:58,405 | Train Epoch: 19 [15360/60000 (26%)]	Loss: 247.907623
2018-11-17 03:21:00,047 | Train Epoch: 19 [17920/60000 (30%)]	Loss: 253.135010
2018-11-17 03:21:01,805 | Train Epoch: 19 [20480/60000 (34%)]	Loss: 253.624390
2018-11-17 03:21:03,444 | Train Epoch: 19 [23040/60000 (38%)]	Loss: 256.084076
2018-11-17 03:21:05,039 | Train Epoch: 19 [25600/60000 (43%)]	Loss: 247.708832
2018-11-17 03:21:06,681 | Train Epoch: 19 [28160/60000 (47%)]	Loss: 247.612686
2018-11-17 03:21:08,288 | Train Epoch: 19 [30720/60000 (51%)]	Loss: 248.439514
2018-11-17 03:21:10,029 | Train Epoch: 19 [33280/60000 (55%)]	Loss: 251.080719
2018-11-17 03:21:11,655 | Train Epoch: 19 [35840/60000 (60%)]	Loss: 256.122467
2018-11-17 03:21:13,232 | Train Epoch: 19 [38400/60000 (64%)]	Loss: 247.423904
2018-11-17 03:21:14,741 | Train Epoch: 19 [40960/60000 (68%)]	Loss: 249.392014
2018-11-17 03:21:16,194 | Train Epoch: 19 [43520/60000 (72%)]	Loss: 253.246582
2018-11-17 03:21:17,821 | Train Epoch: 19 [46080/60000 (77%)]	Loss: 249.565979
2018-11-17 03:21:19,374 | Train Epoch: 19 [48640/60000 (81%)]	Loss: 247.683228
2018-11-17 03:21:20,850 | Train Epoch: 19 [51200/60000 (85%)]	Loss: 248.208344
2018-11-17 03:21:22,389 | Train Epoch: 19 [53760/60000 (89%)]	Loss: 243.744019
2018-11-17 03:21:23,904 | Train Epoch: 19 [56320/60000 (94%)]	Loss: 250.257187
2018-11-17 03:21:25,407 | Train Epoch: 19 [58880/60000 (98%)]	Loss: 257.284851
2018-11-17 03:21:26,039 | ====> Epoch: 19 Average loss: 249.0907
2018-11-17 03:21:26,646 | Test Epoch: 19 [0/10000 (0%)]	Loss: 248.352280
2018-11-17 03:21:27,355 | Test Epoch: 19 [2560/10000 (25%)]	Loss: 241.767975
2018-11-17 03:21:28,000 | Test Epoch: 19 [5120/10000 (50%)]	Loss: 241.451080
2018-11-17 03:21:28,655 | Test Epoch: 19 [7680/10000 (75%)]	Loss: 251.104630
2018-11-17 03:21:29,170 | ====> Test set loss: 244.6159
2018-11-17 03:21:30,904 | Train Epoch: 20 [0/60000 (0%)]	Loss: 242.886017
2018-11-17 03:21:32,761 | Train Epoch: 20 [2560/60000 (4%)]	Loss: 247.750992
2018-11-17 03:21:34,470 | Train Epoch: 20 [5120/60000 (9%)]	Loss: 247.604340
2018-11-17 03:21:36,137 | Train Epoch: 20 [7680/60000 (13%)]	Loss: 254.318039
2018-11-17 03:21:37,797 | Train Epoch: 20 [10240/60000 (17%)]	Loss: 248.457108
2018-11-17 03:21:39,458 | Train Epoch: 20 [12800/60000 (21%)]	Loss: 254.708679
2018-11-17 03:21:41,142 | Train Epoch: 20 [15360/60000 (26%)]	Loss: 247.662048
2018-11-17 03:21:42,754 | Train Epoch: 20 [17920/60000 (30%)]	Loss: 255.533020
2018-11-17 03:21:44,321 | Train Epoch: 20 [20480/60000 (34%)]	Loss: 253.926575
2018-11-17 03:21:45,891 | Train Epoch: 20 [23040/60000 (38%)]	Loss: 244.451035
2018-11-17 03:21:47,445 | Train Epoch: 20 [25600/60000 (43%)]	Loss: 249.279526
2018-11-17 03:21:49,039 | Train Epoch: 20 [28160/60000 (47%)]	Loss: 253.438766
2018-11-17 03:21:50,737 | Train Epoch: 20 [30720/60000 (51%)]	Loss: 254.584305
2018-11-17 03:21:52,279 | Train Epoch: 20 [33280/60000 (55%)]	Loss: 243.338898
2018-11-17 03:21:53,845 | Train Epoch: 20 [35840/60000 (60%)]	Loss: 239.438354
2018-11-17 03:21:55,327 | Train Epoch: 20 [38400/60000 (64%)]	Loss: 248.549637
2018-11-17 03:21:56,991 | Train Epoch: 20 [40960/60000 (68%)]	Loss: 241.939133
2018-11-17 03:21:58,674 | Train Epoch: 20 [43520/60000 (72%)]	Loss: 249.477692
2018-11-17 03:22:00,350 | Train Epoch: 20 [46080/60000 (77%)]	Loss: 241.814743
2018-11-17 03:22:01,970 | Train Epoch: 20 [48640/60000 (81%)]	Loss: 245.255310
2018-11-17 03:22:03,517 | Train Epoch: 20 [51200/60000 (85%)]	Loss: 249.166946
2018-11-17 03:22:05,004 | Train Epoch: 20 [53760/60000 (89%)]	Loss: 252.089005
2018-11-17 03:22:06,562 | Train Epoch: 20 [56320/60000 (94%)]	Loss: 247.661469
2018-11-17 03:22:08,114 | Train Epoch: 20 [58880/60000 (98%)]	Loss: 249.128647
2018-11-17 03:22:08,683 | ====> Epoch: 20 Average loss: 248.6025
2018-11-17 03:22:09,371 | Test Epoch: 20 [0/10000 (0%)]	Loss: 244.346863
2018-11-17 03:22:10,034 | Test Epoch: 20 [2560/10000 (25%)]	Loss: 245.863235
2018-11-17 03:22:10,687 | Test Epoch: 20 [5120/10000 (50%)]	Loss: 244.706345
2018-11-17 03:22:11,335 | Test Epoch: 20 [7680/10000 (75%)]	Loss: 249.268143
2018-11-17 03:22:11,879 | ====> Test set loss: 244.7321
2018-11-17 03:22:13,755 | Train Epoch: 21 [0/60000 (0%)]	Loss: 254.116959
2018-11-17 03:22:15,567 | Train Epoch: 21 [2560/60000 (4%)]	Loss: 241.597382
2018-11-17 03:22:17,253 | Train Epoch: 21 [5120/60000 (9%)]	Loss: 242.080017
2018-11-17 03:22:18,911 | Train Epoch: 21 [7680/60000 (13%)]	Loss: 255.868973
2018-11-17 03:22:20,507 | Train Epoch: 21 [10240/60000 (17%)]	Loss: 245.534988
2018-11-17 03:22:22,323 | Train Epoch: 21 [12800/60000 (21%)]	Loss: 242.771423
2018-11-17 03:22:24,007 | Train Epoch: 21 [15360/60000 (26%)]	Loss: 238.239182
2018-11-17 03:22:25,695 | Train Epoch: 21 [17920/60000 (30%)]	Loss: 244.564758
2018-11-17 03:22:27,342 | Train Epoch: 21 [20480/60000 (34%)]	Loss: 253.813416
2018-11-17 03:22:28,955 | Train Epoch: 21 [23040/60000 (38%)]	Loss: 244.490097
2018-11-17 03:22:30,717 | Train Epoch: 21 [25600/60000 (43%)]	Loss: 251.413773
2018-11-17 03:22:32,344 | Train Epoch: 21 [28160/60000 (47%)]	Loss: 246.825302
2018-11-17 03:22:33,925 | Train Epoch: 21 [30720/60000 (51%)]	Loss: 244.926620
2018-11-17 03:22:35,410 | Train Epoch: 21 [33280/60000 (55%)]	Loss: 250.306442
2018-11-17 03:22:36,945 | Train Epoch: 21 [35840/60000 (60%)]	Loss: 254.214218
2018-11-17 03:22:38,554 | Train Epoch: 21 [38400/60000 (64%)]	Loss: 247.231171
2018-11-17 03:22:40,181 | Train Epoch: 21 [40960/60000 (68%)]	Loss: 257.052979
2018-11-17 03:22:41,676 | Train Epoch: 21 [43520/60000 (72%)]	Loss: 245.438736
2018-11-17 03:22:43,162 | Train Epoch: 21 [46080/60000 (77%)]	Loss: 248.220612
2018-11-17 03:22:44,638 | Train Epoch: 21 [48640/60000 (81%)]	Loss: 242.409470
2018-11-17 03:22:46,119 | Train Epoch: 21 [51200/60000 (85%)]	Loss: 243.606522
2018-11-17 03:22:47,793 | Train Epoch: 21 [53760/60000 (89%)]	Loss: 254.260834
2018-11-17 03:22:49,325 | Train Epoch: 21 [56320/60000 (94%)]	Loss: 245.157898
2018-11-17 03:22:50,802 | Train Epoch: 21 [58880/60000 (98%)]	Loss: 253.951202
2018-11-17 03:22:51,373 | ====> Epoch: 21 Average loss: 248.1768
2018-11-17 03:22:52,075 | Test Epoch: 21 [0/10000 (0%)]	Loss: 244.918198
2018-11-17 03:22:52,729 | Test Epoch: 21 [2560/10000 (25%)]	Loss: 243.110291
2018-11-17 03:22:53,379 | Test Epoch: 21 [5120/10000 (50%)]	Loss: 239.091187
2018-11-17 03:22:54,076 | Test Epoch: 21 [7680/10000 (75%)]	Loss: 246.950089
2018-11-17 03:22:54,683 | ====> Test set loss: 243.8722
2018-11-17 03:22:56,431 | Train Epoch: 22 [0/60000 (0%)]	Loss: 246.132965
2018-11-17 03:22:58,538 | Train Epoch: 22 [2560/60000 (4%)]	Loss: 249.791519
2018-11-17 03:23:00,153 | Train Epoch: 22 [5120/60000 (9%)]	Loss: 245.374008
2018-11-17 03:23:01,806 | Train Epoch: 22 [7680/60000 (13%)]	Loss: 240.932800
2018-11-17 03:23:04,337 | Train Epoch: 22 [10240/60000 (17%)]	Loss: 246.409683
2018-11-17 03:23:05,929 | Train Epoch: 22 [12800/60000 (21%)]	Loss: 249.294891
2018-11-17 03:23:07,490 | Train Epoch: 22 [15360/60000 (26%)]	Loss: 247.718597
2018-11-17 03:23:09,057 | Train Epoch: 22 [17920/60000 (30%)]	Loss: 242.372070
2018-11-17 03:23:10,708 | Train Epoch: 22 [20480/60000 (34%)]	Loss: 243.802048
2018-11-17 03:23:12,359 | Train Epoch: 22 [23040/60000 (38%)]	Loss: 247.145599
2018-11-17 03:23:13,891 | Train Epoch: 22 [25600/60000 (43%)]	Loss: 245.305328
2018-11-17 03:23:15,429 | Train Epoch: 22 [28160/60000 (47%)]	Loss: 250.323608
2018-11-17 03:23:16,915 | Train Epoch: 22 [30720/60000 (51%)]	Loss: 259.034302
2018-11-17 03:23:18,480 | Train Epoch: 22 [33280/60000 (55%)]	Loss: 249.464264
2018-11-17 03:23:20,218 | Train Epoch: 22 [35840/60000 (60%)]	Loss: 247.114014
2018-11-17 03:23:21,749 | Train Epoch: 22 [38400/60000 (64%)]	Loss: 246.068390
2018-11-17 03:23:23,246 | Train Epoch: 22 [40960/60000 (68%)]	Loss: 247.571014
2018-11-17 03:23:24,739 | Train Epoch: 22 [43520/60000 (72%)]	Loss: 249.041977
2018-11-17 03:23:26,206 | Train Epoch: 22 [46080/60000 (77%)]	Loss: 246.062531
2018-11-17 03:23:27,746 | Train Epoch: 22 [48640/60000 (81%)]	Loss: 248.239761
2018-11-17 03:23:29,393 | Train Epoch: 22 [51200/60000 (85%)]	Loss: 248.993591
2018-11-17 03:23:30,892 | Train Epoch: 22 [53760/60000 (89%)]	Loss: 241.177612
2018-11-17 03:23:32,384 | Train Epoch: 22 [56320/60000 (94%)]	Loss: 243.261703
2018-11-17 03:23:33,860 | Train Epoch: 22 [58880/60000 (98%)]	Loss: 243.598953
2018-11-17 03:23:34,386 | ====> Epoch: 22 Average loss: 247.7897
2018-11-17 03:23:35,087 | Test Epoch: 22 [0/10000 (0%)]	Loss: 235.474380
2018-11-17 03:23:35,800 | Test Epoch: 22 [2560/10000 (25%)]	Loss: 236.388641
2018-11-17 03:23:36,544 | Test Epoch: 22 [5120/10000 (50%)]	Loss: 240.712967
2018-11-17 03:23:37,211 | Test Epoch: 22 [7680/10000 (75%)]	Loss: 245.244080
2018-11-17 03:23:37,753 | ====> Test set loss: 242.9917
2018-11-17 03:23:39,335 | Train Epoch: 23 [0/60000 (0%)]	Loss: 248.280914
2018-11-17 03:23:41,102 | Train Epoch: 23 [2560/60000 (4%)]	Loss: 249.899185
2018-11-17 03:23:42,774 | Train Epoch: 23 [5120/60000 (9%)]	Loss: 258.064880
2018-11-17 03:23:44,573 | Train Epoch: 23 [7680/60000 (13%)]	Loss: 244.273880
2018-11-17 03:23:46,181 | Train Epoch: 23 [10240/60000 (17%)]	Loss: 245.510605
2018-11-17 03:23:47,738 | Train Epoch: 23 [12800/60000 (21%)]	Loss: 246.220901
2018-11-17 03:23:49,309 | Train Epoch: 23 [15360/60000 (26%)]	Loss: 245.126358
2018-11-17 03:23:50,878 | Train Epoch: 23 [17920/60000 (30%)]	Loss: 238.923248
2018-11-17 03:23:52,633 | Train Epoch: 23 [20480/60000 (34%)]	Loss: 242.559418
2018-11-17 03:23:54,717 | Train Epoch: 23 [23040/60000 (38%)]	Loss: 246.428009
2018-11-17 03:23:56,604 | Train Epoch: 23 [25600/60000 (43%)]	Loss: 259.081665
2018-11-17 03:23:58,233 | Train Epoch: 23 [28160/60000 (47%)]	Loss: 246.409775
2018-11-17 03:23:59,802 | Train Epoch: 23 [30720/60000 (51%)]	Loss: 246.939850
2018-11-17 03:24:01,548 | Train Epoch: 23 [33280/60000 (55%)]	Loss: 251.159378
2018-11-17 03:24:03,179 | Train Epoch: 23 [35840/60000 (60%)]	Loss: 241.813705
2018-11-17 03:24:04,786 | Train Epoch: 23 [38400/60000 (64%)]	Loss: 245.037048
2018-11-17 03:24:06,396 | Train Epoch: 23 [40960/60000 (68%)]	Loss: 248.803360
2018-11-17 03:24:07,921 | Train Epoch: 23 [43520/60000 (72%)]	Loss: 235.184097
2018-11-17 03:24:09,468 | Train Epoch: 23 [46080/60000 (77%)]	Loss: 245.923859
2018-11-17 03:24:11,203 | Train Epoch: 23 [48640/60000 (81%)]	Loss: 253.923538
2018-11-17 03:24:12,753 | Train Epoch: 23 [51200/60000 (85%)]	Loss: 242.823502
2018-11-17 03:24:14,247 | Train Epoch: 23 [53760/60000 (89%)]	Loss: 253.191315
2018-11-17 03:24:15,727 | Train Epoch: 23 [56320/60000 (94%)]	Loss: 252.592819
2018-11-17 03:24:17,261 | Train Epoch: 23 [58880/60000 (98%)]	Loss: 246.355728
2018-11-17 03:24:17,838 | ====> Epoch: 23 Average loss: 247.3894
2018-11-17 03:24:18,643 | Test Epoch: 23 [0/10000 (0%)]	Loss: 242.453384
2018-11-17 03:24:19,406 | Test Epoch: 23 [2560/10000 (25%)]	Loss: 247.957062
2018-11-17 03:24:20,075 | Test Epoch: 23 [5120/10000 (50%)]	Loss: 248.146652
2018-11-17 03:24:20,757 | Test Epoch: 23 [7680/10000 (75%)]	Loss: 234.862244
2018-11-17 03:24:21,295 | ====> Test set loss: 243.0860
2018-11-17 03:24:23,019 | Train Epoch: 24 [0/60000 (0%)]	Loss: 253.192596
2018-11-17 03:24:24,795 | Train Epoch: 24 [2560/60000 (4%)]	Loss: 255.562637
2018-11-17 03:24:26,684 | Train Epoch: 24 [5120/60000 (9%)]	Loss: 248.719589
2018-11-17 03:24:28,395 | Train Epoch: 24 [7680/60000 (13%)]	Loss: 243.948242
2018-11-17 03:24:30,056 | Train Epoch: 24 [10240/60000 (17%)]	Loss: 242.533218
2018-11-17 03:24:31,688 | Train Epoch: 24 [12800/60000 (21%)]	Loss: 248.436584
2018-11-17 03:24:33,326 | Train Epoch: 24 [15360/60000 (26%)]	Loss: 247.577515
2018-11-17 03:24:35,112 | Train Epoch: 24 [17920/60000 (30%)]	Loss: 246.612915
2018-11-17 03:24:36,738 | Train Epoch: 24 [20480/60000 (34%)]	Loss: 258.334503
2018-11-17 03:24:38,350 | Train Epoch: 24 [23040/60000 (38%)]	Loss: 246.312180
2018-11-17 03:24:39,934 | Train Epoch: 24 [25600/60000 (43%)]	Loss: 245.158188
2018-11-17 03:24:41,553 | Train Epoch: 24 [28160/60000 (47%)]	Loss: 243.628662
2018-11-17 03:24:43,297 | Train Epoch: 24 [30720/60000 (51%)]	Loss: 248.959808
2018-11-17 03:24:44,953 | Train Epoch: 24 [33280/60000 (55%)]	Loss: 248.678284
2018-11-17 03:24:46,523 | Train Epoch: 24 [35840/60000 (60%)]	Loss: 251.912308
2018-11-17 03:24:48,131 | Train Epoch: 24 [38400/60000 (64%)]	Loss: 255.047241
2018-11-17 03:24:49,687 | Train Epoch: 24 [40960/60000 (68%)]	Loss: 242.549973
2018-11-17 03:24:51,349 | Train Epoch: 24 [43520/60000 (72%)]	Loss: 245.278198
2018-11-17 03:24:52,954 | Train Epoch: 24 [46080/60000 (77%)]	Loss: 240.289032
2018-11-17 03:24:54,477 | Train Epoch: 24 [48640/60000 (81%)]	Loss: 248.754791
2018-11-17 03:24:56,013 | Train Epoch: 24 [51200/60000 (85%)]	Loss: 249.565369
2018-11-17 03:24:57,523 | Train Epoch: 24 [53760/60000 (89%)]	Loss: 238.439316
2018-11-17 03:24:59,129 | Train Epoch: 24 [56320/60000 (94%)]	Loss: 246.309723
2018-11-17 03:25:00,884 | Train Epoch: 24 [58880/60000 (98%)]	Loss: 244.265900
2018-11-17 03:25:01,463 | ====> Epoch: 24 Average loss: 247.0877
2018-11-17 03:25:02,121 | Test Epoch: 24 [0/10000 (0%)]	Loss: 236.205978
2018-11-17 03:25:02,808 | Test Epoch: 24 [2560/10000 (25%)]	Loss: 241.681732
2018-11-17 03:25:03,502 | Test Epoch: 24 [5120/10000 (50%)]	Loss: 250.863907
2018-11-17 03:25:04,170 | Test Epoch: 24 [7680/10000 (75%)]	Loss: 236.827057
2018-11-17 03:25:04,717 | ====> Test set loss: 243.1201
2018-11-17 03:25:06,622 | Train Epoch: 25 [0/60000 (0%)]	Loss: 251.391113
2018-11-17 03:25:08,614 | Train Epoch: 25 [2560/60000 (4%)]	Loss: 248.767029
2018-11-17 03:25:10,299 | Train Epoch: 25 [5120/60000 (9%)]	Loss: 245.260162
2018-11-17 03:25:11,957 | Train Epoch: 25 [7680/60000 (13%)]	Loss: 254.055801
2018-11-17 03:25:13,614 | Train Epoch: 25 [10240/60000 (17%)]	Loss: 245.984497
2018-11-17 03:25:15,331 | Train Epoch: 25 [12800/60000 (21%)]	Loss: 236.385254
2018-11-17 03:25:17,107 | Train Epoch: 25 [15360/60000 (26%)]	Loss: 247.221146
2018-11-17 03:25:18,730 | Train Epoch: 25 [17920/60000 (30%)]	Loss: 254.031265
2018-11-17 03:25:20,366 | Train Epoch: 25 [20480/60000 (34%)]	Loss: 250.237457
2018-11-17 03:25:21,961 | Train Epoch: 25 [23040/60000 (38%)]	Loss: 248.247192
2018-11-17 03:25:23,559 | Train Epoch: 25 [25600/60000 (43%)]	Loss: 245.908295
2018-11-17 03:25:25,295 | Train Epoch: 25 [28160/60000 (47%)]	Loss: 247.737442
2018-11-17 03:25:26,862 | Train Epoch: 25 [30720/60000 (51%)]	Loss: 250.566010
2018-11-17 03:25:28,433 | Train Epoch: 25 [33280/60000 (55%)]	Loss: 245.639923
2018-11-17 03:25:29,992 | Train Epoch: 25 [35840/60000 (60%)]	Loss: 243.429337
2018-11-17 03:25:31,556 | Train Epoch: 25 [38400/60000 (64%)]	Loss: 247.146469
2018-11-17 03:25:33,333 | Train Epoch: 25 [40960/60000 (68%)]	Loss: 249.700378
2018-11-17 03:25:34,935 | Train Epoch: 25 [43520/60000 (72%)]	Loss: 238.198303
2018-11-17 03:25:36,498 | Train Epoch: 25 [46080/60000 (77%)]	Loss: 241.937241
2018-11-17 03:25:38,038 | Train Epoch: 25 [48640/60000 (81%)]	Loss: 258.889282
2018-11-17 03:25:39,547 | Train Epoch: 25 [51200/60000 (85%)]	Loss: 241.241913
2018-11-17 03:25:41,202 | Train Epoch: 25 [53760/60000 (89%)]	Loss: 249.551315
2018-11-17 03:25:42,761 | Train Epoch: 25 [56320/60000 (94%)]	Loss: 245.370407
2018-11-17 03:25:44,230 | Train Epoch: 25 [58880/60000 (98%)]	Loss: 240.651337
2018-11-17 03:25:44,790 | ====> Epoch: 25 Average loss: 246.7096
2018-11-17 03:25:45,262 | Test Epoch: 25 [0/10000 (0%)]	Loss: 239.816452
2018-11-17 03:25:45,904 | Test Epoch: 25 [2560/10000 (25%)]	Loss: 230.104584
2018-11-17 03:25:46,600 | Test Epoch: 25 [5120/10000 (50%)]	Loss: 235.873779
2018-11-17 03:25:47,262 | Test Epoch: 25 [7680/10000 (75%)]	Loss: 248.207428
2018-11-17 03:25:47,785 | ====> Test set loss: 242.4605
2018-11-17 03:25:49,611 | Train Epoch: 26 [0/60000 (0%)]	Loss: 247.206360
2018-11-17 03:25:51,334 | Train Epoch: 26 [2560/60000 (4%)]	Loss: 238.346359
2018-11-17 03:25:53,031 | Train Epoch: 26 [5120/60000 (9%)]	Loss: 242.087631
2018-11-17 03:25:54,646 | Train Epoch: 26 [7680/60000 (13%)]	Loss: 241.014435
2018-11-17 03:25:56,306 | Train Epoch: 26 [10240/60000 (17%)]	Loss: 239.103882
2018-11-17 03:25:58,053 | Train Epoch: 26 [12800/60000 (21%)]	Loss: 248.412521
2018-11-17 03:25:59,675 | Train Epoch: 26 [15360/60000 (26%)]	Loss: 252.616348
2018-11-17 03:26:01,421 | Train Epoch: 26 [17920/60000 (30%)]	Loss: 252.385025
2018-11-17 03:26:03,014 | Train Epoch: 26 [20480/60000 (34%)]	Loss: 244.791718
2018-11-17 03:26:04,698 | Train Epoch: 26 [23040/60000 (38%)]	Loss: 254.215149
2018-11-17 03:26:06,356 | Train Epoch: 26 [25600/60000 (43%)]	Loss: 252.524216
2018-11-17 03:26:07,982 | Train Epoch: 26 [28160/60000 (47%)]	Loss: 242.285614
2018-11-17 03:26:09,624 | Train Epoch: 26 [30720/60000 (51%)]	Loss: 241.957504
2018-11-17 03:26:11,161 | Train Epoch: 26 [33280/60000 (55%)]	Loss: 240.174286
2018-11-17 03:26:12,738 | Train Epoch: 26 [35840/60000 (60%)]	Loss: 250.809113
2018-11-17 03:26:14,458 | Train Epoch: 26 [38400/60000 (64%)]	Loss: 243.414154
2018-11-17 03:26:15,995 | Train Epoch: 26 [40960/60000 (68%)]	Loss: 241.881485
2018-11-17 03:26:17,563 | Train Epoch: 26 [43520/60000 (72%)]	Loss: 249.811417
2018-11-17 03:26:19,144 | Train Epoch: 26 [46080/60000 (77%)]	Loss: 242.436966
2018-11-17 03:26:20,703 | Train Epoch: 26 [48640/60000 (81%)]	Loss: 241.063934
2018-11-17 03:26:22,342 | Train Epoch: 26 [51200/60000 (85%)]	Loss: 254.843658
2018-11-17 03:26:23,899 | Train Epoch: 26 [53760/60000 (89%)]	Loss: 257.688080
2018-11-17 03:26:25,387 | Train Epoch: 26 [56320/60000 (94%)]	Loss: 249.280121
2018-11-17 03:26:26,890 | Train Epoch: 26 [58880/60000 (98%)]	Loss: 244.399673
2018-11-17 03:26:27,426 | ====> Epoch: 26 Average loss: 246.4149
2018-11-17 03:26:28,057 | Test Epoch: 26 [0/10000 (0%)]	Loss: 237.378006
2018-11-17 03:26:28,738 | Test Epoch: 26 [2560/10000 (25%)]	Loss: 242.451202
2018-11-17 03:26:29,410 | Test Epoch: 26 [5120/10000 (50%)]	Loss: 237.320023
2018-11-17 03:26:30,148 | Test Epoch: 26 [7680/10000 (75%)]	Loss: 241.274841
2018-11-17 03:26:30,695 | ====> Test set loss: 242.4607
2018-11-17 03:26:32,259 | Train Epoch: 27 [0/60000 (0%)]	Loss: 242.196045
2018-11-17 03:26:34,012 | Train Epoch: 27 [2560/60000 (4%)]	Loss: 252.209122
2018-11-17 03:26:35,677 | Train Epoch: 27 [5120/60000 (9%)]	Loss: 243.498840
2018-11-17 03:26:37,387 | Train Epoch: 27 [7680/60000 (13%)]	Loss: 248.647858
2018-11-17 03:26:39,098 | Train Epoch: 27 [10240/60000 (17%)]	Loss: 247.156677
2018-11-17 03:26:40,767 | Train Epoch: 27 [12800/60000 (21%)]	Loss: 254.900253
2018-11-17 03:26:42,366 | Train Epoch: 27 [15360/60000 (26%)]	Loss: 245.993332
2018-11-17 03:26:43,933 | Train Epoch: 27 [17920/60000 (30%)]	Loss: 242.717941
2018-11-17 03:26:45,626 | Train Epoch: 27 [20480/60000 (34%)]	Loss: 236.604614
2018-11-17 03:26:47,319 | Train Epoch: 27 [23040/60000 (38%)]	Loss: 244.972260
2018-11-17 03:26:48,877 | Train Epoch: 27 [25600/60000 (43%)]	Loss: 246.752060
2018-11-17 03:26:50,500 | Train Epoch: 27 [28160/60000 (47%)]	Loss: 260.615784
2018-11-17 03:26:52,043 | Train Epoch: 27 [30720/60000 (51%)]	Loss: 247.575073
2018-11-17 03:26:53,590 | Train Epoch: 27 [33280/60000 (55%)]	Loss: 245.542786
2018-11-17 03:26:55,301 | Train Epoch: 27 [35840/60000 (60%)]	Loss: 238.528412
2018-11-17 03:26:56,871 | Train Epoch: 27 [38400/60000 (64%)]	Loss: 241.798584
2018-11-17 03:26:58,387 | Train Epoch: 27 [40960/60000 (68%)]	Loss: 245.049866
2018-11-17 03:26:59,987 | Train Epoch: 27 [43520/60000 (72%)]	Loss: 245.908005
2018-11-17 03:27:01,661 | Train Epoch: 27 [46080/60000 (77%)]	Loss: 248.796616
2018-11-17 03:27:03,327 | Train Epoch: 27 [48640/60000 (81%)]	Loss: 245.125122
2018-11-17 03:27:04,919 | Train Epoch: 27 [51200/60000 (85%)]	Loss: 245.258194
2018-11-17 03:27:06,422 | Train Epoch: 27 [53760/60000 (89%)]	Loss: 245.601746
2018-11-17 03:27:07,895 | Train Epoch: 27 [56320/60000 (94%)]	Loss: 246.040665
2018-11-17 03:27:09,353 | Train Epoch: 27 [58880/60000 (98%)]	Loss: 254.821121
2018-11-17 03:27:09,912 | ====> Epoch: 27 Average loss: 246.1909
2018-11-17 03:27:10,589 | Test Epoch: 27 [0/10000 (0%)]	Loss: 239.964874
2018-11-17 03:27:11,313 | Test Epoch: 27 [2560/10000 (25%)]	Loss: 245.070572
2018-11-17 03:27:11,974 | Test Epoch: 27 [5120/10000 (50%)]	Loss: 251.366287
2018-11-17 03:27:12,643 | Test Epoch: 27 [7680/10000 (75%)]	Loss: 234.605194
2018-11-17 03:27:13,193 | ====> Test set loss: 242.0260
2018-11-17 03:27:14,914 | Train Epoch: 28 [0/60000 (0%)]	Loss: 248.044571
2018-11-17 03:27:16,648 | Train Epoch: 28 [2560/60000 (4%)]	Loss: 240.577698
2018-11-17 03:27:18,447 | Train Epoch: 28 [5120/60000 (9%)]	Loss: 254.002075
2018-11-17 03:27:20,120 | Train Epoch: 28 [7680/60000 (13%)]	Loss: 243.972305
2018-11-17 03:27:21,717 | Train Epoch: 28 [10240/60000 (17%)]	Loss: 238.134216
2018-11-17 03:27:23,324 | Train Epoch: 28 [12800/60000 (21%)]	Loss: 250.822571
2018-11-17 03:27:24,981 | Train Epoch: 28 [15360/60000 (26%)]	Loss: 242.458557
2018-11-17 03:27:26,712 | Train Epoch: 28 [17920/60000 (30%)]	Loss: 245.947815
2018-11-17 03:27:28,323 | Train Epoch: 28 [20480/60000 (34%)]	Loss: 246.235153
2018-11-17 03:27:29,897 | Train Epoch: 28 [23040/60000 (38%)]	Loss: 243.431198
2018-11-17 03:27:31,496 | Train Epoch: 28 [25600/60000 (43%)]	Loss: 246.873657
2018-11-17 03:27:33,084 | Train Epoch: 28 [28160/60000 (47%)]	Loss: 244.940796
2018-11-17 03:27:34,739 | Train Epoch: 28 [30720/60000 (51%)]	Loss: 246.424835
2018-11-17 03:27:36,345 | Train Epoch: 28 [33280/60000 (55%)]	Loss: 242.937256
2018-11-17 03:27:37,911 | Train Epoch: 28 [35840/60000 (60%)]	Loss: 244.483215
2018-11-17 03:27:39,413 | Train Epoch: 28 [38400/60000 (64%)]	Loss: 244.059662
2018-11-17 03:27:40,997 | Train Epoch: 28 [40960/60000 (68%)]	Loss: 242.650970
2018-11-17 03:27:42,551 | Train Epoch: 28 [43520/60000 (72%)]	Loss: 240.745270
2018-11-17 03:27:44,161 | Train Epoch: 28 [46080/60000 (77%)]	Loss: 246.611847
2018-11-17 03:27:45,696 | Train Epoch: 28 [48640/60000 (81%)]	Loss: 251.862885
2018-11-17 03:27:47,202 | Train Epoch: 28 [51200/60000 (85%)]	Loss: 248.171127
2018-11-17 03:27:48,695 | Train Epoch: 28 [53760/60000 (89%)]	Loss: 244.888016
2018-11-17 03:27:50,172 | Train Epoch: 28 [56320/60000 (94%)]	Loss: 248.002274
2018-11-17 03:27:52,063 | Train Epoch: 28 [58880/60000 (98%)]	Loss: 250.256180
2018-11-17 03:27:52,776 | ====> Epoch: 28 Average loss: 245.9242
2018-11-17 03:27:53,595 | Test Epoch: 28 [0/10000 (0%)]	Loss: 245.256729
2018-11-17 03:27:54,525 | Test Epoch: 28 [2560/10000 (25%)]	Loss: 236.723755
2018-11-17 03:27:55,641 | Test Epoch: 28 [5120/10000 (50%)]	Loss: 237.248535
2018-11-17 03:27:56,670 | Test Epoch: 28 [7680/10000 (75%)]	Loss: 247.614288
2018-11-17 03:27:57,489 | ====> Test set loss: 243.5406
2018-11-17 03:27:59,686 | Train Epoch: 29 [0/60000 (0%)]	Loss: 246.744476
2018-11-17 03:28:01,612 | Train Epoch: 29 [2560/60000 (4%)]	Loss: 241.620209
2018-11-17 03:28:03,270 | Train Epoch: 29 [5120/60000 (9%)]	Loss: 240.626541
2018-11-17 03:28:04,881 | Train Epoch: 29 [7680/60000 (13%)]	Loss: 246.303802
2018-11-17 03:28:06,533 | Train Epoch: 29 [10240/60000 (17%)]	Loss: 250.019257
2018-11-17 03:28:08,139 | Train Epoch: 29 [12800/60000 (21%)]	Loss: 242.853394
2018-11-17 03:28:10,730 | Train Epoch: 29 [15360/60000 (26%)]	Loss: 240.453064
2018-11-17 03:28:12,417 | Train Epoch: 29 [17920/60000 (30%)]	Loss: 243.166962
2018-11-17 03:28:13,970 | Train Epoch: 29 [20480/60000 (34%)]	Loss: 239.687622
2018-11-17 03:28:15,548 | Train Epoch: 29 [23040/60000 (38%)]	Loss: 257.430725
2018-11-17 03:28:17,215 | Train Epoch: 29 [25600/60000 (43%)]	Loss: 256.197540
2018-11-17 03:28:18,803 | Train Epoch: 29 [28160/60000 (47%)]	Loss: 253.308701
2018-11-17 03:28:20,419 | Train Epoch: 29 [30720/60000 (51%)]	Loss: 240.518875
2018-11-17 03:28:21,933 | Train Epoch: 29 [33280/60000 (55%)]	Loss: 248.678406
2018-11-17 03:28:23,440 | Train Epoch: 29 [35840/60000 (60%)]	Loss: 240.109802
2018-11-17 03:28:25,047 | Train Epoch: 29 [38400/60000 (64%)]	Loss: 247.778107
2018-11-17 03:28:26,728 | Train Epoch: 29 [40960/60000 (68%)]	Loss: 244.747116
2018-11-17 03:28:28,207 | Train Epoch: 29 [43520/60000 (72%)]	Loss: 245.709091
2018-11-17 03:28:29,765 | Train Epoch: 29 [46080/60000 (77%)]	Loss: 248.367081
2018-11-17 03:28:31,310 | Train Epoch: 29 [48640/60000 (81%)]	Loss: 256.401031
2018-11-17 03:28:32,787 | Train Epoch: 29 [51200/60000 (85%)]	Loss: 243.784378
2018-11-17 03:28:34,370 | Train Epoch: 29 [53760/60000 (89%)]	Loss: 254.760391
2018-11-17 03:28:35,975 | Train Epoch: 29 [56320/60000 (94%)]	Loss: 243.687958
2018-11-17 03:28:37,465 | Train Epoch: 29 [58880/60000 (98%)]	Loss: 240.179901
2018-11-17 03:28:38,039 | ====> Epoch: 29 Average loss: 245.6647
2018-11-17 03:28:38,704 | Test Epoch: 29 [0/10000 (0%)]	Loss: 246.445908
2018-11-17 03:28:39,399 | Test Epoch: 29 [2560/10000 (25%)]	Loss: 232.041611
2018-11-17 03:28:40,058 | Test Epoch: 29 [5120/10000 (50%)]	Loss: 240.462158
2018-11-17 03:28:40,733 | Test Epoch: 29 [7680/10000 (75%)]	Loss: 251.447266
2018-11-17 03:28:41,321 | ====> Test set loss: 241.4328
